The system is: Linux - 3.19.0-32-generic - x86_64
Compiling the C compiler identification source file "CMakeCCompilerId.c" succeeded.
Compiler: /usr/bin/cc 
Build flags: 
Id flags: 

The output was:
0


Compilation of the C compiler identification source "CMakeCCompilerId.c" produced "a.out"

The C compiler identification is GNU, found in "/home/dgalaktionov/Documents/trayectorias/new_shit/sais-2.4.1/build/CMakeFiles/2.8.12.2/CompilerIdC/a.out"

Determining if the C compiler works passed with the following output:
Change Dir: /home/dgalaktionov/Documents/trayectorias/new_shit/sais-2.4.1/build/CMakeFiles/CMakeTmp

Run Build Command:/usr/bin/make "cmTryCompileExec3980935737/fast"
/usr/bin/make -f CMakeFiles/cmTryCompileExec3980935737.dir/build.make CMakeFiles/cmTryCompileExec3980935737.dir/build
make[1]: Entering directory `/home/dgalaktionov/Documents/trayectorias/new_shit/sais-2.4.1/build/CMakeFiles/CMakeTmp'
/usr/bin/cmake -E cmake_progress_report /home/dgalaktionov/Documents/trayectorias/new_shit/sais-2.4.1/build/CMakeFiles/CMakeTmp/CMakeFiles 1
Building C object CMakeFiles/cmTryCompileExec3980935737.dir/testCCompiler.c.o
/usr/bin/cc    -o CMakeFiles/cmTryCompileExec3980935737.dir/testCCompiler.c.o   -c /home/dgalaktionov/Documents/trayectorias/new_shit/sais-2.4.1/build/CMakeFiles/CMakeTmp/testCCompiler.c
Linking C executable cmTryCompileExec3980935737
/usr/bin/cmake -E cmake_link_script CMakeFiles/cmTryCompileExec3980935737.dir/link.txt --verbose=1
/usr/bin/cc       CMakeFiles/cmTryCompileExec3980935737.dir/testCCompiler.c.o  -o cmTryCompileExec3980935737 -rdynamic 
make[1]: Leaving directory `/home/dgalaktionov/Documents/trayectorias/new_shit/sais-2.4.1/build/CMakeFiles/CMakeTmp'


Detecting C compiler ABI info compiled with the following output:
Change Dir: /home/dgalaktionov/Documents/trayectorias/new_shit/sais-2.4.1/build/CMakeFiles/CMakeTmp

Run Build Command:/usr/bin/make "cmTryCompileExec2447200079/fast"
/usr/bin/make -f CMakeFiles/cmTryCompileExec2447200079.dir/build.make CMakeFiles/cmTryCompileExec2447200079.dir/build
make[1]: Entering directory `/home/dgalaktionov/Documents/trayectorias/new_shit/sais-2.4.1/build/CMakeFiles/CMakeTmp'
/usr/bin/cmake -E cmake_progress_report /home/dgalaktionov/Documents/trayectorias/new_shit/sais-2.4.1/build/CMakeFiles/CMakeTmp/CMakeFiles 1
Building C object CMakeFiles/cmTryCompileExec2447200079.dir/CMakeCCompilerABI.c.o
/usr/bin/cc    -o CMakeFiles/cmTryCompileExec2447200079.dir/CMakeCCompilerABI.c.o   -c /usr/share/cmake-2.8/Modules/CMakeCCompilerABI.c
Linking C executable cmTryCompileExec2447200079
/usr/bin/cmake -E cmake_link_script CMakeFiles/cmTryCompileExec2447200079.dir/link.txt --verbose=1
/usr/bin/cc     -v CMakeFiles/cmTryCompileExec2447200079.dir/CMakeCCompilerABI.c.o  -o cmTryCompileExec2447200079 -rdynamic  
Using built-in specs.
COLLECT_GCC=/usr/bin/cc
COLLECT_LTO_WRAPPER=/usr/lib/gcc/x86_64-linux-gnu/4.8/lto-wrapper
Target: x86_64-linux-gnu
Configured with: ../src/configure -v --with-pkgversion='Ubuntu 4.8.4-2ubuntu1~14.04.3' --with-bugurl=file:///usr/share/doc/gcc-4.8/README.Bugs --enable-languages=c,c++,java,go,d,fortran,objc,obj-c++ --prefix=/usr --program-suffix=-4.8 --enable-shared --enable-linker-build-id --libexecdir=/usr/lib --without-included-gettext --enable-threads=posix --with-gxx-include-dir=/usr/include/c++/4.8 --libdir=/usr/lib --enable-nls --with-sysroot=/ --enable-clocale=gnu --enable-libstdcxx-debug --enable-libstdcxx-time=yes --enable-gnu-unique-object --disable-libmudflap --enable-plugin --with-system-zlib --disable-browser-plugin --enable-java-awt=gtk --enable-gtk-cairo --with-java-home=/usr/lib/jvm/java-1.5.0-gcj-4.8-amd64/jre --enable-java-home --with-jvm-root-dir=/usr/lib/jvm/java-1.5.0-gcj-4.8-amd64 --with-jvm-jar-dir=/usr/lib/jvm-exports/java-1.5.0-gcj-4.8-amd64 --with-arch-directory=amd64 --with-ecj-jar=/usr/share/java/eclipse-ecj.jar --enable-objc-gc --enable-multiarch --disable-werror --with-arch-32=i686 --with-abi=m64 --with-multilib-list=m32,m64,mx32 --with-tune=generic --enable-checking=release --build=x86_64-linux-gnu --host=x86_64-linux-gnu --target=x86_64-linux-gnu
Thread model: posix
gcc version 4.8.4 (Ubuntu 4.8.4-2ubuntu1~14.04.3) 
COMPILER_PATH=/usr/lib/gcc/x86_64-linux-gnu/4.8/:/usr/lib/gcc/x86_64-linux-gnu/4.8/:/usr/lib/gcc/x86_64-linux-gnu/:/usr/lib/gcc/x86_64-linux-gnu/4.8/:/usr/lib/gcc/x86_64-linux-gnu/
LIBRARY_PATH=/usr/lib/gcc/x86_64-linux-gnu/4.8/:/usr/lib/gcc/x86_64-linux-gnu/4.8/../../../x86_64-linux-gnu/:/usr/lib/gcc/x86_64-linux-gnu/4.8/../../../../lib/:/lib/x86_64-linux-gnu/:/lib/../lib/:/usr/lib/x86_64-linux-gnu/:/usr/lib/../lib/:/usr/lib/gcc/x86_64-linux-gnu/4.8/../../../:/lib/:/usr/lib/
COLLECT_GCC_OPTIONS='-v' '-o' 'cmTryCompileExec2447200079' '-rdynamic' '-mtune=generic' '-march=x86-64'
 /usr/lib/gcc/x86_64-linux-gnu/4.8/collect2 --sysroot=/ --build-id --eh-frame-hdr -m elf_x86_64 --hash-style=gnu --as-needed -export-dynamic -dynamic-linker /lib64/ld-linux-x86-64.so.2 -z relro -o cmTryCompileExec2447200079 /usr/lib/gcc/x86_64-linux-gnu/4.8/../../../x86_64-linux-gnu/crt1.o /usr/lib/gcc/x86_64-linux-gnu/4.8/../../../x86_64-linux-gnu/crti.o /usr/lib/gcc/x86_64-linux-gnu/4.8/crtbegin.o -L/usr/lib/gcc/x86_64-linux-gnu/4.8 -L/usr/lib/gcc/x86_64-linux-gnu/4.8/../../../x86_64-linux-gnu -L/usr/lib/gcc/x86_64-linux-gnu/4.8/../../../../lib -L/lib/x86_64-linux-gnu -L/lib/../lib -L/usr/lib/x86_64-linux-gnu -L/usr/lib/../lib -L/usr/lib/gcc/x86_64-linux-gnu/4.8/../../.. CMakeFiles/cmTryCompileExec2447200079.dir/CMakeCCompilerABI.c.o -lgcc --as-needed -lgcc_s --no-as-needed -lc -lgcc --as-needed -lgcc_s --no-as-needed /usr/lib/gcc/x86_64-linux-gnu/4.8/crtend.o /usr/lib/gcc/x86_64-linux-gnu/4.8/../../../x86_64-linux-gnu/crtn.o
make[1]: Leaving directory `/home/dgalaktionov/Documents/trayectorias/new_shit/sais-2.4.1/build/CMakeFiles/CMakeTmp'


Parsed C implicit link information from above output:
  link line regex: [^( *|.*[/\])(ld|([^/\]+-)?ld|collect2)[^/\]*( |$)]
  ignore line: [Change Dir: /home/dgalaktionov/Documents/trayectorias/new_shit/sais-2.4.1/build/CMakeFiles/CMakeTmp]
  ignore line: []
  ignore line: [Run Build Command:/usr/bin/make "cmTryCompileExec2447200079/fast"]
  ignore line: [/usr/bin/make -f CMakeFiles/cmTryCompileExec2447200079.dir/build.make CMakeFiles/cmTryCompileExec2447200079.dir/build]
  ignore line: [make[1]: Entering directory `/home/dgalaktionov/Documents/trayectorias/new_shit/sais-2.4.1/build/CMakeFiles/CMakeTmp']
  ignore line: [/usr/bin/cmake -E cmake_progress_report /home/dgalaktionov/Documents/trayectorias/new_shit/sais-2.4.1/build/CMakeFiles/CMakeTmp/CMakeFiles 1]
  ignore line: [Building C object CMakeFiles/cmTryCompileExec2447200079.dir/CMakeCCompilerABI.c.o]
  ignore line: [/usr/bin/cc    -o CMakeFiles/cmTryCompileExec2447200079.dir/CMakeCCompilerABI.c.o   -c /usr/share/cmake-2.8/Modules/CMakeCCompilerABI.c]
  ignore line: [Linking C executable cmTryCompileExec2447200079]
  ignore line: [/usr/bin/cmake -E cmake_link_script CMakeFiles/cmTryCompileExec2447200079.dir/link.txt --verbose=1]
  ignore line: [/usr/bin/cc     -v CMakeFiles/cmTryCompileExec2447200079.dir/CMakeCCompilerABI.c.o  -o cmTryCompileExec2447200079 -rdynamic  ]
  ignore line: [Using built-in specs.]
  ignore line: [COLLECT_GCC=/usr/bin/cc]
  ignore line: [COLLECT_LTO_WRAPPER=/usr/lib/gcc/x86_64-linux-gnu/4.8/lto-wrapper]
  ignore line: [Target: x86_64-linux-gnu]
  ignore line: [Configured with: ../src/configure -v --with-pkgversion='Ubuntu 4.8.4-2ubuntu1~14.04.3' --with-bugurl=file:///usr/share/doc/gcc-4.8/README.Bugs --enable-languages=c,c++,java,go,d,fortran,objc,obj-c++ --prefix=/usr --program-suffix=-4.8 --enable-shared --enable-linker-build-id --libexecdir=/usr/lib --without-included-gettext --enable-threads=posix --with-gxx-include-dir=/usr/include/c++/4.8 --libdir=/usr/lib --enable-nls --with-sysroot=/ --enable-clocale=gnu --enable-libstdcxx-debug --enable-libstdcxx-time=yes --enable-gnu-unique-object --disable-libmudflap --enable-plugin --with-system-zlib --disable-browser-plugin --enable-java-awt=gtk --enable-gtk-cairo --with-java-home=/usr/lib/jvm/java-1.5.0-gcj-4.8-amd64/jre --enable-java-home --with-jvm-root-dir=/usr/lib/jvm/java-1.5.0-gcj-4.8-amd64 --with-jvm-jar-dir=/usr/lib/jvm-exports/java-1.5.0-gcj-4.8-amd64 --with-arch-directory=amd64 --with-ecj-jar=/usr/share/java/eclipse-ecj.jar --enable-objc-gc --enable-multiarch --disable-werror --with-arch-32=i686 --with-abi=m64 --with-multilib-list=m32,m64,mx32 --with-tune=generic --enable-checking=release --build=x86_64-linux-gnu --host=x86_64-linux-gnu --target=x86_64-linux-gnu]
  ignore line: [Thread model: posix]
  ignore line: [gcc version 4.8.4 (Ubuntu 4.8.4-2ubuntu1~14.04.3) ]
  ignore line: [COMPILER_PATH=/usr/lib/gcc/x86_64-linux-gnu/4.8/:/usr/lib/gcc/x86_64-linux-gnu/4.8/:/usr/lib/gcc/x86_64-linux-gnu/:/usr/lib/gcc/x86_64-linux-gnu/4.8/:/usr/lib/gcc/x86_64-linux-gnu/]
  ignore line: [LIBRARY_PATH=/usr/lib/gcc/x86_64-linux-gnu/4.8/:/usr/lib/gcc/x86_64-linux-gnu/4.8/../../../x86_64-linux-gnu/:/usr/lib/gcc/x86_64-linux-gnu/4.8/../../../../lib/:/lib/x86_64-linux-gnu/:/lib/../lib/:/usr/lib/x86_64-linux-gnu/:/usr/lib/../lib/:/usr/lib/gcc/x86_64-linux-gnu/4.8/../../../:/lib/:/usr/lib/]
  ignore line: [COLLECT_GCC_OPTIONS='-v' '-o' 'cmTryCompileExec2447200079' '-rdynamic' '-mtune=generic' '-march=x86-64']
  link line: [ /usr/lib/gcc/x86_64-linux-gnu/4.8/collect2 --sysroot=/ --build-id --eh-frame-hdr -m elf_x86_64 --hash-style=gnu --as-needed -export-dynamic -dynamic-linker /lib64/ld-linux-x86-64.so.2 -z relro -o cmTryCompileExec2447200079 /usr/lib/gcc/x86_64-linux-gnu/4.8/../../../x86_64-linux-gnu/crt1.o /usr/lib/gcc/x86_64-linux-gnu/4.8/../../../x86_64-linux-gnu/crti.o /usr/lib/gcc/x86_64-linux-gnu/4.8/crtbegin.o -L/usr/lib/gcc/x86_64-linux-gnu/4.8 -L/usr/lib/gcc/x86_64-linux-gnu/4.8/../../../x86_64-linux-gnu -L/usr/lib/gcc/x86_64-linux-gnu/4.8/../../../../lib -L/lib/x86_64-linux-gnu -L/lib/../lib -L/usr/lib/x86_64-linux-gnu -L/usr/lib/../lib -L/usr/lib/gcc/x86_64-linux-gnu/4.8/../../.. CMakeFiles/cmTryCompileExec2447200079.dir/CMakeCCompilerABI.c.o -lgcc --as-needed -lgcc_s --no-as-needed -lc -lgcc --as-needed -lgcc_s --no-as-needed /usr/lib/gcc/x86_64-linux-gnu/4.8/crtend.o /usr/lib/gcc/x86_64-linux-gnu/4.8/../../../x86_64-linux-gnu/crtn.o]
    arg [/usr/lib/gcc/x86_64-linux-gnu/4.8/collect2] ==> ignore
    arg [--sysroot=/] ==> ignore
    arg [--build-id] ==> ignore
    arg [--eh-frame-hdr] ==> ignore
    arg [-m] ==> ignore
    arg [elf_x86_64] ==> ignore
    arg [--hash-style=gnu] ==> ignore
    arg [--as-needed] ==> ignore
    arg [-export-dynamic] ==> ignore
    arg [-dynamic-linker] ==> ignore
    arg [/lib64/ld-linux-x86-64.so.2] ==> ignore
    arg [-zrelro] ==> ignore
    arg [-o] ==> ignore
    arg [cmTryCompileExec2447200079] ==> ignore
    arg [/usr/lib/gcc/x86_64-linux-gnu/4.8/../../../x86_64-linux-gnu/crt1.o] ==> ignore
    arg [/usr/lib/gcc/x86_64-linux-gnu/4.8/../../../x86_64-linux-gnu/crti.o] ==> ignore
    arg [/usr/lib/gcc/x86_64-linux-gnu/4.8/crtbegin.o] ==> ignore
    arg [-L/usr/lib/gcc/x86_64-linux-gnu/4.8] ==> dir [/usr/lib/gcc/x86_64-linux-gnu/4.8]
    arg [-L/usr/lib/gcc/x86_64-linux-gnu/4.8/../../../x86_64-linux-gnu] ==> dir [/usr/lib/gcc/x86_64-linux-gnu/4.8/../../../x86_64-linux-gnu]
    arg [-L/usr/lib/gcc/x86_64-linux-gnu/4.8/../../../../lib] ==> dir [/usr/lib/gcc/x86_64-linux-gnu/4.8/../../../../lib]
    arg [-L/lib/x86_64-linux-gnu] ==> dir [/lib/x86_64-linux-gnu]
    arg [-L/lib/../lib] ==> dir [/lib/../lib]
    arg [-L/usr/lib/x86_64-linux-gnu] ==> dir [/usr/lib/x86_64-linux-gnu]
    arg [-L/usr/lib/../lib] ==> dir [/usr/lib/../lib]
    arg [-L/usr/lib/gcc/x86_64-linux-gnu/4.8/../../..] ==> dir [/usr/lib/gcc/x86_64-linux-gnu/4.8/../../..]
    arg [CMakeFiles/cmTryCompileExec2447200079.dir/CMakeCCompilerABI.c.o] ==> ignore
    arg [-lgcc] ==> lib [gcc]
    arg [--as-needed] ==> ignore
    arg [-lgcc_s] ==> lib [gcc_s]
    arg [--no-as-needed] ==> ignore
    arg [-lc] ==> lib [c]
    arg [-lgcc] ==> lib [gcc]
    arg [--as-needed] ==> ignore
    arg [-lgcc_s] ==> lib [gcc_s]
    arg [--no-as-needed] ==> ignore
    arg [/usr/lib/gcc/x86_64-linux-gnu/4.8/crtend.o] ==> ignore
    arg [/usr/lib/gcc/x86_64-linux-gnu/4.8/../../../x86_64-linux-gnu/crtn.o] ==> ignore
  remove lib [gcc]
  remove lib [gcc_s]
  remove lib [gcc]
  remove lib [gcc_s]
  collapse library dir [/usr/lib/gcc/x86_64-linux-gnu/4.8] ==> [/usr/lib/gcc/x86_64-linux-gnu/4.8]
  collapse library dir [/usr/lib/gcc/x86_64-linux-gnu/4.8/../../../x86_64-linux-gnu] ==> [/usr/lib/x86_64-linux-gnu]
  collapse library dir [/usr/lib/gcc/x86_64-linux-gnu/4.8/../../../../lib] ==> [/usr/lib]
  collapse library dir [/lib/x86_64-linux-gnu] ==> [/lib/x86_64-linux-gnu]
  collapse library dir [/lib/../lib] ==> [/lib]
  collapse library dir [/usr/lib/x86_64-linux-gnu] ==> [/usr/lib/x86_64-linux-gnu]
  collapse library dir [/usr/lib/../lib] ==> [/usr/lib]
  collapse library dir [/usr/lib/gcc/x86_64-linux-gnu/4.8/../../..] ==> [/usr/lib]
  implicit libs: [c]
  implicit dirs: [/usr/lib/gcc/x86_64-linux-gnu/4.8;/usr/lib/x86_64-linux-gnu;/usr/lib;/lib/x86_64-linux-gnu;/lib]
  implicit fwks: []


Performing C SOURCE FILE Test HAVE_GCC_WALL succeded with the following output:
Change Dir: /home/dgalaktionov/Documents/trayectorias/new_shit/sais-2.4.1/build/CMakeFiles/CMakeTmp

Run Build Command:/usr/bin/make "cmTryCompileExec952728207/fast"
/usr/bin/make -f CMakeFiles/cmTryCompileExec952728207.dir/build.make CMakeFiles/cmTryCompileExec952728207.dir/build
make[1]: Entering directory `/home/dgalaktionov/Documents/trayectorias/new_shit/sais-2.4.1/build/CMakeFiles/CMakeTmp'
/usr/bin/cmake -E cmake_progress_report /home/dgalaktionov/Documents/trayectorias/new_shit/sais-2.4.1/build/CMakeFiles/CMakeTmp/CMakeFiles 1
Building C object CMakeFiles/cmTryCompileExec952728207.dir/src.c.o
/usr/bin/cc   -DHAVE_GCC_WALL -Wall   -o CMakeFiles/cmTryCompileExec952728207.dir/src.c.o   -c /home/dgalaktionov/Documents/trayectorias/new_shit/sais-2.4.1/build/CMakeFiles/CMakeTmp/src.c
Linking C executable cmTryCompileExec952728207
/usr/bin/cmake -E cmake_link_script CMakeFiles/cmTryCompileExec952728207.dir/link.txt --verbose=1
/usr/bin/cc   -DHAVE_GCC_WALL -Wall    CMakeFiles/cmTryCompileExec952728207.dir/src.c.o  -o cmTryCompileExec952728207 -rdynamic 
make[1]: Leaving directory `/home/dgalaktionov/Documents/trayectorias/new_shit/sais-2.4.1/build/CMakeFiles/CMakeTmp'

Source file was:
int main() { return 0; }
Performing C SOURCE FILE Test HAVE_GCC_FOMIT_FRAME_POINTER succeded with the following output:
Change Dir: /home/dgalaktionov/Documents/trayectorias/new_shit/sais-2.4.1/build/CMakeFiles/CMakeTmp

Run Build Command:/usr/bin/make "cmTryCompileExec2459811791/fast"
/usr/bin/make -f CMakeFiles/cmTryCompileExec2459811791.dir/build.make CMakeFiles/cmTryCompileExec2459811791.dir/build
make[1]: Entering directory `/home/dgalaktionov/Documents/trayectorias/new_shit/sais-2.4.1/build/CMakeFiles/CMakeTmp'
/usr/bin/cmake -E cmake_progress_report /home/dgalaktionov/Documents/trayectorias/new_shit/sais-2.4.1/build/CMakeFiles/CMakeTmp/CMakeFiles 1
Building C object CMakeFiles/cmTryCompileExec2459811791.dir/src.c.o
/usr/bin/cc   -Wall -DHAVE_GCC_FOMIT_FRAME_POINTER -fomit-frame-pointer   -o CMakeFiles/cmTryCompileExec2459811791.dir/src.c.o   -c /home/dgalaktionov/Documents/trayectorias/new_shit/sais-2.4.1/build/CMakeFiles/CMakeTmp/src.c
Linking C executable cmTryCompileExec2459811791
/usr/bin/cmake -E cmake_link_script CMakeFiles/cmTryCompileExec2459811791.dir/link.txt --verbose=1
/usr/bin/cc   -Wall -DHAVE_GCC_FOMIT_FRAME_POINTER -fomit-frame-pointer    CMakeFiles/cmTryCompileExec2459811791.dir/src.c.o  -o cmTryCompileExec2459811791 -rdynamic 
make[1]: Leaving directory `/home/dgalaktionov/Documents/trayectorias/new_shit/sais-2.4.1/build/CMakeFiles/CMakeTmp'

Source file was:
int main() { return 0; }
Determining if the include file inttypes.h exists passed with the following output:
Change Dir: /home/dgalaktionov/Documents/trayectorias/new_shit/sais-2.4.1/build/CMakeFiles/CMakeTmp

Run Build Command:/usr/bin/make "cmTryCompileExec1244400987/fast"
/usr/bin/make -f CMakeFiles/cmTryCompileExec1244400987.dir/build.make CMakeFiles/cmTryCompileExec1244400987.dir/build
make[1]: Entering directory `/home/dgalaktionov/Documents/trayectorias/new_shit/sais-2.4.1/build/CMakeFiles/CMakeTmp'
/usr/bin/cmake -E cmake_progress_report /home/dgalaktionov/Documents/trayectorias/new_shit/sais-2.4.1/build/CMakeFiles/CMakeTmp/CMakeFiles 1
Building C object CMakeFiles/cmTryCompileExec1244400987.dir/CheckIncludeFile.c.o
/usr/bin/cc   -Wall    -o CMakeFiles/cmTryCompileExec1244400987.dir/CheckIncludeFile.c.o   -c /home/dgalaktionov/Documents/trayectorias/new_shit/sais-2.4.1/build/CMakeFiles/CMakeTmp/CheckIncludeFile.c
Linking C executable cmTryCompileExec1244400987
/usr/bin/cmake -E cmake_link_script CMakeFiles/cmTryCompileExec1244400987.dir/link.txt --verbose=1
/usr/bin/cc   -Wall     CMakeFiles/cmTryCompileExec1244400987.dir/CheckIncludeFile.c.o  -o cmTryCompileExec1244400987 -rdynamic 
make[1]: Leaving directory `/home/dgalaktionov/Documents/trayectorias/new_shit/sais-2.4.1/build/CMakeFiles/CMakeTmp'


Determining if the include file memory.h exists passed with the following output:
Change Dir: /home/dgalaktionov/Documents/trayectorias/new_shit/sais-2.4.1/build/CMakeFiles/CMakeTmp

Run Build Command:/usr/bin/make "cmTryCompileExec3524825843/fast"
/usr/bin/make -f CMakeFiles/cmTryCompileExec3524825843.dir/build.make CMakeFiles/cmTryCompileExec3524825843.dir/build
make[1]: Entering directory `/home/dgalaktionov/Documents/trayectorias/new_shit/sais-2.4.1/build/CMakeFiles/CMakeTmp'
/usr/bin/cmake -E cmake_progress_report /home/dgalaktionov/Documents/trayectorias/new_shit/sais-2.4.1/build/CMakeFiles/CMakeTmp/CMakeFiles 1
Building C object CMakeFiles/cmTryCompileExec3524825843.dir/CheckIncludeFile.c.o
/usr/bin/cc   -Wall    -o CMakeFiles/cmTryCompileExec3524825843.dir/CheckIncludeFile.c.o   -c /home/dgalaktionov/Documents/trayectorias/new_shit/sais-2.4.1/build/CMakeFiles/CMakeTmp/CheckIncludeFile.c
Linking C executable cmTryCompileExec3524825843
/usr/bin/cmake -E cmake_link_script CMakeFiles/cmTryCompileExec3524825843.dir/link.txt --verbose=1
/usr/bin/cc   -Wall     CMakeFiles/cmTryCompileExec3524825843.dir/CheckIncludeFile.c.o  -o cmTryCompileExec3524825843 -rdynamic 
make[1]: Leaving directory `/home/dgalaktionov/Documents/trayectorias/new_shit/sais-2.4.1/build/CMakeFiles/CMakeTmp'


Determining if the include file stddef.h exists passed with the following output:
Change Dir: /home/dgalaktionov/Documents/trayectorias/new_shit/sais-2.4.1/build/CMakeFiles/CMakeTmp

Run Build Command:/usr/bin/make "cmTryCompileExec3632238711/fast"
/usr/bin/make -f CMakeFiles/cmTryCompileExec3632238711.dir/build.make CMakeFiles/cmTryCompileExec3632238711.dir/build
make[1]: Entering directory `/home/dgalaktionov/Documents/trayectorias/new_shit/sais-2.4.1/build/CMakeFiles/CMakeTmp'
/usr/bin/cmake -E cmake_progress_report /home/dgalaktionov/Documents/trayectorias/new_shit/sais-2.4.1/build/CMakeFiles/CMakeTmp/CMakeFiles 1
Building C object CMakeFiles/cmTryCompileExec3632238711.dir/CheckIncludeFile.c.o
/usr/bin/cc   -Wall    -o CMakeFiles/cmTryCompileExec3632238711.dir/CheckIncludeFile.c.o   -c /home/dgalaktionov/Documents/trayectorias/new_shit/sais-2.4.1/build/CMakeFiles/CMakeTmp/CheckIncludeFile.c
Linking C executable cmTryCompileExec3632238711
/usr/bin/cmake -E cmake_link_script CMakeFiles/cmTryCompileExec3632238711.dir/link.txt --verbose=1
/usr/bin/cc   -Wall     CMakeFiles/cmTryCompileExec3632238711.dir/CheckIncludeFile.c.o  -o cmTryCompileExec3632238711 -rdynamic 
make[1]: Leaving directory `/home/dgalaktionov/Documents/trayectorias/new_shit/sais-2.4.1/build/CMakeFiles/CMakeTmp'


Determining if the include file stdint.h exists passed with the following output:
Change Dir: /home/dgalaktionov/Documents/trayectorias/new_shit/sais-2.4.1/build/CMakeFiles/CMakeTmp

Run Build Command:/usr/bin/make "cmTryCompileExec789204934/fast"
/usr/bin/make -f CMakeFiles/cmTryCompileExec789204934.dir/build.make CMakeFiles/cmTryCompileExec789204934.dir/build
make[1]: Entering directory `/home/dgalaktionov/Documents/trayectorias/new_shit/sais-2.4.1/build/CMakeFiles/CMakeTmp'
/usr/bin/cmake -E cmake_progress_report /home/dgalaktionov/Documents/trayectorias/new_shit/sais-2.4.1/build/CMakeFiles/CMakeTmp/CMakeFiles 1
Building C object CMakeFiles/cmTryCompileExec789204934.dir/CheckIncludeFile.c.o
/usr/bin/cc   -Wall    -o CMakeFiles/cmTryCompileExec789204934.dir/CheckIncludeFile.c.o   -c /home/dgalaktionov/Documents/trayectorias/new_shit/sais-2.4.1/build/CMakeFiles/CMakeTmp/CheckIncludeFile.c
Linking C executable cmTryCompileExec789204934
/usr/bin/cmake -E cmake_link_script CMakeFiles/cmTryCompileExec789204934.dir/link.txt --verbose=1
/usr/bin/cc   -Wall     CMakeFiles/cmTryCompileExec789204934.dir/CheckIncludeFile.c.o  -o cmTryCompileExec789204934 -rdynamic 
make[1]: Leaving directory `/home/dgalaktionov/Documents/trayectorias/new_shit/sais-2.4.1/build/CMakeFiles/CMakeTmp'


Determining if the include file stdlib.h exists passed with the following output:
Change Dir: /home/dgalaktionov/Documents/trayectorias/new_shit/sais-2.4.1/build/CMakeFiles/CMakeTmp

Run Build Command:/usr/bin/make "cmTryCompileExec254057022/fast"
/usr/bin/make -f CMakeFiles/cmTryCompileExec254057022.dir/build.make CMakeFiles/cmTryCompileExec254057022.dir/build
make[1]: Entering directory `/home/dgalaktionov/Documents/trayectorias/new_shit/sais-2.4.1/build/CMakeFiles/CMakeTmp'
/usr/bin/cmake -E cmake_progress_report /home/dgalaktionov/Documents/trayectorias/new_shit/sais-2.4.1/build/CMakeFiles/CMakeTmp/CMakeFiles 1
Building C object CMakeFiles/cmTryCompileExec254057022.dir/CheckIncludeFile.c.o
/usr/bin/cc   -Wall    -o CMakeFiles/cmTryCompileExec254057022.dir/CheckIncludeFile.c.o   -c /home/dgalaktionov/Documents/trayectorias/new_shit/sais-2.4.1/build/CMakeFiles/CMakeTmp/CheckIncludeFile.c
Linking C executable cmTryCompileExec254057022
/usr/bin/cmake -E cmake_link_script CMakeFiles/cmTryCompileExec254057022.dir/link.txt --verbose=1
/usr/bin/cc   -Wall     CMakeFiles/cmTryCompileExec254057022.dir/CheckIncludeFile.c.o  -o cmTryCompileExec254057022 -rdynamic 
make[1]: Leaving directory `/home/dgalaktionov/Documents/trayectorias/new_shit/sais-2.4.1/build/CMakeFiles/CMakeTmp'


Determining if the include file string.h exists passed with the following output:
Change Dir: /home/dgalaktionov/Documents/trayectorias/new_shit/sais-2.4.1/build/CMakeFiles/CMakeTmp

Run Build Command:/usr/bin/make "cmTryCompileExec2465620283/fast"
/usr/bin/make -f CMakeFiles/cmTryCompileExec2465620283.dir/build.make CMakeFiles/cmTryCompileExec2465620283.dir/build
make[1]: Entering directory `/home/dgalaktionov/Documents/trayectorias/new_shit/sais-2.4.1/build/CMakeFiles/CMakeTmp'
/usr/bin/cmake -E cmake_progress_report /home/dgalaktionov/Documents/trayectorias/new_shit/sais-2.4.1/build/CMakeFiles/CMakeTmp/CMakeFiles 1
Building C object CMakeFiles/cmTryCompileExec2465620283.dir/CheckIncludeFile.c.o
/usr/bin/cc   -Wall    -o CMakeFiles/cmTryCompileExec2465620283.dir/CheckIncludeFile.c.o   -c /home/dgalaktionov/Documents/trayectorias/new_shit/sais-2.4.1/build/CMakeFiles/CMakeTmp/CheckIncludeFile.c
Linking C executable cmTryCompileExec2465620283
/usr/bin/cmake -E cmake_link_script CMakeFiles/cmTryCompileExec2465620283.dir/link.txt --verbose=1
/usr/bin/cc   -Wall     CMakeFiles/cmTryCompileExec2465620283.dir/CheckIncludeFile.c.o  -o cmTryCompileExec2465620283 -rdynamic 
make[1]: Leaving directory `/home/dgalaktionov/Documents/trayectorias/new_shit/sais-2.4.1/build/CMakeFiles/CMakeTmp'


Determining if the include file strings.h exists passed with the following output:
Change Dir: /home/dgalaktionov/Documents/trayectorias/new_shit/sais-2.4.1/build/CMakeFiles/CMakeTmp

Run Build Command:/usr/bin/make "cmTryCompileExec1840453638/fast"
/usr/bin/make -f CMakeFiles/cmTryCompileExec1840453638.dir/build.make CMakeFiles/cmTryCompileExec1840453638.dir/build
make[1]: Entering directory `/home/dgalaktionov/Documents/trayectorias/new_shit/sais-2.4.1/build/CMakeFiles/CMakeTmp'
/usr/bin/cmake -E cmake_progress_report /home/dgalaktionov/Documents/trayectorias/new_shit/sais-2.4.1/build/CMakeFiles/CMakeTmp/CMakeFiles 1
Building C object CMakeFiles/cmTryCompileExec1840453638.dir/CheckIncludeFile.c.o
/usr/bin/cc   -Wall    -o CMakeFiles/cmTryCompileExec1840453638.dir/CheckIncludeFile.c.o   -c /home/dgalaktionov/Documents/trayectorias/new_shit/sais-2.4.1/build/CMakeFiles/CMakeTmp/CheckIncludeFile.c
Linking C executable cmTryCompileExec1840453638
/usr/bin/cmake -E cmake_link_script CMakeFiles/cmTryCompileExec1840453638.dir/link.txt --verbose=1
/usr/bin/cc   -Wall     CMakeFiles/cmTryCompileExec1840453638.dir/CheckIncludeFile.c.o  -o cmTryCompileExec1840453638 -rdynamic 
make[1]: Leaving directory `/home/dgalaktionov/Documents/trayectorias/new_shit/sais-2.4.1/build/CMakeFiles/CMakeTmp'


Determining if the include file sys/types.h exists passed with the following output:
Change Dir: /home/dgalaktionov/Documents/trayectorias/new_shit/sais-2.4.1/build/CMakeFiles/CMakeTmp

Run Build Command:/usr/bin/make "cmTryCompileExec3206211833/fast"
/usr/bin/make -f CMakeFiles/cmTryCompileExec3206211833.dir/build.make CMakeFiles/cmTryCompileExec3206211833.dir/build
make[1]: Entering directory `/home/dgalaktionov/Documents/trayectorias/new_shit/sais-2.4.1/build/CMakeFiles/CMakeTmp'
/usr/bin/cmake -E cmake_progress_report /home/dgalaktionov/Documents/trayectorias/new_shit/sais-2.4.1/build/CMakeFiles/CMakeTmp/CMakeFiles 1
Building C object CMakeFiles/cmTryCompileExec3206211833.dir/CheckIncludeFile.c.o
/usr/bin/cc   -Wall    -o CMakeFiles/cmTryCompileExec3206211833.dir/CheckIncludeFile.c.o   -c /home/dgalaktionov/Documents/trayectorias/new_shit/sais-2.4.1/build/CMakeFiles/CMakeTmp/CheckIncludeFile.c
Linking C executable cmTryCompileExec3206211833
/usr/bin/cmake -E cmake_link_script CMakeFiles/cmTryCompileExec3206211833.dir/link.txt --verbose=1
/usr/bin/cc   -Wall     CMakeFiles/cmTryCompileExec3206211833.dir/CheckIncludeFile.c.o  -o cmTryCompileExec3206211833 -rdynamic 
make[1]: Leaving directory `/home/dgalaktionov/Documents/trayectorias/new_shit/sais-2.4.1/build/CMakeFiles/CMakeTmp'


Determining size of off_t passed with the following output:
Change Dir: /home/dgalaktionov/Documents/trayectorias/new_shit/sais-2.4.1/build/CMakeFiles/CMakeTmp

Run Build Command:/usr/bin/make "cmTryCompileExec2931561882/fast"
/usr/bin/make -f CMakeFiles/cmTryCompileExec2931561882.dir/build.make CMakeFiles/cmTryCompileExec2931561882.dir/build
make[1]: Entering directory `/home/dgalaktionov/Documents/trayectorias/new_shit/sais-2.4.1/build/CMakeFiles/CMakeTmp'
/usr/bin/cmake -E cmake_progress_report /home/dgalaktionov/Documents/trayectorias/new_shit/sais-2.4.1/build/CMakeFiles/CMakeTmp/CMakeFiles 1
Building C object CMakeFiles/cmTryCompileExec2931561882.dir/SIZEOF_OFF_T.c.o
/usr/bin/cc  -D_FILE_OFFSET_BITS=64 -D_LARGEFILE_SOURCE -D_LARGE_FILES -D__STDC_CONSTANT_MACROS -D__STDC_FORMAT_MACROS -D__STDC_LIMIT_MACROS -Wall    -o CMakeFiles/cmTryCompileExec2931561882.dir/SIZEOF_OFF_T.c.o   -c /home/dgalaktionov/Documents/trayectorias/new_shit/sais-2.4.1/build/CMakeFiles/CheckTypeSize/SIZEOF_OFF_T.c
Linking C executable cmTryCompileExec2931561882
/usr/bin/cmake -E cmake_link_script CMakeFiles/cmTryCompileExec2931561882.dir/link.txt --verbose=1
/usr/bin/cc   -Wall     CMakeFiles/cmTryCompileExec2931561882.dir/SIZEOF_OFF_T.c.o  -o cmTryCompileExec2931561882 -rdynamic 
make[1]: Leaving directory `/home/dgalaktionov/Documents/trayectorias/new_shit/sais-2.4.1/build/CMakeFiles/CMakeTmp'


Determining if the fseeko exist passed with the following output:
Change Dir: /home/dgalaktionov/Documents/trayectorias/new_shit/sais-2.4.1/build/CMakeFiles/CMakeTmp

Run Build Command:/usr/bin/make "cmTryCompileExec3219068175/fast"
/usr/bin/make -f CMakeFiles/cmTryCompileExec3219068175.dir/build.make CMakeFiles/cmTryCompileExec3219068175.dir/build
make[1]: Entering directory `/home/dgalaktionov/Documents/trayectorias/new_shit/sais-2.4.1/build/CMakeFiles/CMakeTmp'
/usr/bin/cmake -E cmake_progress_report /home/dgalaktionov/Documents/trayectorias/new_shit/sais-2.4.1/build/CMakeFiles/CMakeTmp/CMakeFiles 1
Building C object CMakeFiles/cmTryCompileExec3219068175.dir/CheckSymbolExists.c.o
/usr/bin/cc  -D_FILE_OFFSET_BITS=64 -D_LARGEFILE_SOURCE -D_LARGE_FILES -D__STDC_CONSTANT_MACROS -D__STDC_FORMAT_MACROS -D__STDC_LIMIT_MACROS -Wall    -o CMakeFiles/cmTryCompileExec3219068175.dir/CheckSymbolExists.c.o   -c /home/dgalaktionov/Documents/trayectorias/new_shit/sais-2.4.1/build/CMakeFiles/CMakeTmp/CheckSymbolExists.c
Linking C executable cmTryCompileExec3219068175
/usr/bin/cmake -E cmake_link_script CMakeFiles/cmTryCompileExec3219068175.dir/link.txt --verbose=1
/usr/bin/cc   -Wall     CMakeFiles/cmTryCompileExec3219068175.dir/CheckSymbolExists.c.o  -o cmTryCompileExec3219068175 -rdynamic 
make[1]: Leaving directory `/home/dgalaktionov/Documents/trayectorias/new_shit/sais-2.4.1/build/CMakeFiles/CMakeTmp'

File /home/dgalaktionov/Documents/trayectorias/new_shit/sais-2.4.1/build/CMakeFiles/CMakeTmp/CheckSymbolExists.c:
/* */
#include <stdio.h>

int main(int argc, char** argv)
{
  (void)argv;
#ifndef fseeko
  return ((int*)(&fseeko))[argc];
#else
  (void)argc;
  return 0;
#endif
}

Determining if the ftello exist passed with the following output:
Change Dir: /home/dgalaktionov/Documents/trayectorias/new_shit/sais-2.4.1/build/CMakeFiles/CMakeTmp

Run Build Command:/usr/bin/make "cmTryCompileExec2583132229/fast"
/usr/bin/make -f CMakeFiles/cmTryCompileExec2583132229.dir/build.make CMakeFiles/cmTryCompileExec2583132229.dir/build
make[1]: Entering directory `/home/dgalaktionov/Documents/trayectorias/new_shit/sais-2.4.1/build/CMakeFiles/CMakeTmp'
/usr/bin/cmake -E cmake_progress_report /home/dgalaktionov/Documents/trayectorias/new_shit/sais-2.4.1/build/CMakeFiles/CMakeTmp/CMakeFiles 1
Building C object CMakeFiles/cmTryCompileExec2583132229.dir/CheckSymbolExists.c.o
/usr/bin/cc  -D_FILE_OFFSET_BITS=64 -D_LARGEFILE_SOURCE -D_LARGE_FILES -D__STDC_CONSTANT_MACROS -D__STDC_FORMAT_MACROS -D__STDC_LIMIT_MACROS -Wall    -o CMakeFiles/cmTryCompileExec2583132229.dir/CheckSymbolExists.c.o   -c /home/dgalaktionov/Documents/trayectorias/new_shit/sais-2.4.1/build/CMakeFiles/CMakeTmp/CheckSymbolExists.c
Linking C executable cmTryCompileExec2583132229
/usr/bin/cmake -E cmake_link_script CMakeFiles/cmTryCompileExec2583132229.dir/link.txt --verbose=1
/usr/bin/cc   -Wall     CMakeFiles/cmTryCompileExec2583132229.dir/CheckSymbolExists.c.o  -o cmTryCompileExec2583132229 -rdynamic 
make[1]: Leaving directory `/home/dgalaktionov/Documents/trayectorias/new_shit/sais-2.4.1/build/CMakeFiles/CMakeTmp'

File /home/dgalaktionov/Documents/trayectorias/new_shit/sais-2.4.1/build/CMakeFiles/CMakeTmp/CheckSymbolExists.c:
/* */
#include <stdio.h>

int main(int argc, char** argv)
{
  (void)argv;
#ifndef ftello
  return ((int*)(&ftello))[argc];
#else
  (void)argc;
  return 0;
#endif
}

Determining if the PRIdMAX exist passed with the following output:
Change Dir: /home/dgalaktionov/Documents/trayectorias/new_shit/sais-2.4.1/build/CMakeFiles/CMakeTmp

Run Build Command:/usr/bin/make "cmTryCompileExec3561787951/fast"
/usr/bin/make -f CMakeFiles/cmTryCompileExec3561787951.dir/build.make CMakeFiles/cmTryCompileExec3561787951.dir/build
make[1]: Entering directory `/home/dgalaktionov/Documents/trayectorias/new_shit/sais-2.4.1/build/CMakeFiles/CMakeTmp'
/usr/bin/cmake -E cmake_progress_report /home/dgalaktionov/Documents/trayectorias/new_shit/sais-2.4.1/build/CMakeFiles/CMakeTmp/CMakeFiles 1
Building C object CMakeFiles/cmTryCompileExec3561787951.dir/CheckSymbolExists.c.o
/usr/bin/cc  -D_FILE_OFFSET_BITS=64 -D_LARGEFILE_SOURCE -D_LARGE_FILES -D__STDC_CONSTANT_MACROS -D__STDC_FORMAT_MACROS -D__STDC_LIMIT_MACROS -Wall    -o CMakeFiles/cmTryCompileExec3561787951.dir/CheckSymbolExists.c.o   -c /home/dgalaktionov/Documents/trayectorias/new_shit/sais-2.4.1/build/CMakeFiles/CMakeTmp/CheckSymbolExists.c
Linking C executable cmTryCompileExec3561787951
/usr/bin/cmake -E cmake_link_script CMakeFiles/cmTryCompileExec3561787951.dir/link.txt --verbose=1
/usr/bin/cc   -Wall     CMakeFiles/cmTryCompileExec3561787951.dir/CheckSymbolExists.c.o  -o cmTryCompileExec3561787951 -rdynamic 
make[1]: Leaving directory `/home/dgalaktionov/Documents/trayectorias/new_shit/sais-2.4.1/build/CMakeFiles/CMakeTmp'

File /home/dgalaktionov/Documents/trayectorias/new_shit/sais-2.4.1/build/CMakeFiles/CMakeTmp/CheckSymbolExists.c:
/* */
#include <inttypes.h>

int main(int argc, char** argv)
{
  (void)argv;
#ifndef PRIdMAX
  return ((int*)(&PRIdMAX))[argc];
#else
  (void)argc;
  return 0;
#endif
}

Performing C SOURCE FILE Test HAVE_INLINE succeded with the following output:
Change Dir: /home/dgalaktionov/Documents/trayectorias/new_shit/sais-2.4.1/build/CMakeFiles/CMakeTmp

Run Build Command:/usr/bin/make "cmTryCompileExec2805188112/fast"
/usr/bin/make -f CMakeFiles/cmTryCompileExec2805188112.dir/build.make CMakeFiles/cmTryCompileExec2805188112.dir/build
make[1]: Entering directory `/home/dgalaktionov/Documents/trayectorias/new_shit/sais-2.4.1/build/CMakeFiles/CMakeTmp'
/usr/bin/cmake -E cmake_progress_report /home/dgalaktionov/Documents/trayectorias/new_shit/sais-2.4.1/build/CMakeFiles/CMakeTmp/CMakeFiles 1
Building C object CMakeFiles/cmTryCompileExec2805188112.dir/src.c.o
/usr/bin/cc   -Wall -DHAVE_INLINE   -o CMakeFiles/cmTryCompileExec2805188112.dir/src.c.o   -c /home/dgalaktionov/Documents/trayectorias/new_shit/sais-2.4.1/build/CMakeFiles/CMakeTmp/src.c
Linking C executable cmTryCompileExec2805188112
/usr/bin/cmake -E cmake_link_script CMakeFiles/cmTryCompileExec2805188112.dir/link.txt --verbose=1
/usr/bin/cc   -Wall -DHAVE_INLINE    CMakeFiles/cmTryCompileExec2805188112.dir/src.c.o  -o cmTryCompileExec2805188112 -rdynamic 
make[1]: Leaving directory `/home/dgalaktionov/Documents/trayectorias/new_shit/sais-2.4.1/build/CMakeFiles/CMakeTmp'

Source file was:
inline void func(); void func() { } int main() { func(); return 0; }
Performing C SOURCE FILE Test HAVE___INLINE succeded with the following output:
Change Dir: /home/dgalaktionov/Documents/trayectorias/new_shit/sais-2.4.1/build/CMakeFiles/CMakeTmp

Run Build Command:/usr/bin/make "cmTryCompileExec2656119232/fast"
/usr/bin/make -f CMakeFiles/cmTryCompileExec2656119232.dir/build.make CMakeFiles/cmTryCompileExec2656119232.dir/build
make[1]: Entering directory `/home/dgalaktionov/Documents/trayectorias/new_shit/sais-2.4.1/build/CMakeFiles/CMakeTmp'
/usr/bin/cmake -E cmake_progress_report /home/dgalaktionov/Documents/trayectorias/new_shit/sais-2.4.1/build/CMakeFiles/CMakeTmp/CMakeFiles 1
Building C object CMakeFiles/cmTryCompileExec2656119232.dir/src.c.o
/usr/bin/cc   -Wall -DHAVE___INLINE   -o CMakeFiles/cmTryCompileExec2656119232.dir/src.c.o   -c /home/dgalaktionov/Documents/trayectorias/new_shit/sais-2.4.1/build/CMakeFiles/CMakeTmp/src.c
Linking C executable cmTryCompileExec2656119232
/usr/bin/cmake -E cmake_link_script CMakeFiles/cmTryCompileExec2656119232.dir/link.txt --verbose=1
/usr/bin/cc   -Wall -DHAVE___INLINE    CMakeFiles/cmTryCompileExec2656119232.dir/src.c.o  -o cmTryCompileExec2656119232 -rdynamic 
make[1]: Leaving directory `/home/dgalaktionov/Documents/trayectorias/new_shit/sais-2.4.1/build/CMakeFiles/CMakeTmp'

Source file was:
__inline void func(); void func() { } int main() { func(); return 0; }
Performing C SOURCE FILE Test HAVE___INLINE__ succeded with the following output:
Change Dir: /home/dgalaktionov/Documents/trayectorias/new_shit/sais-2.4.1/build/CMakeFiles/CMakeTmp

Run Build Command:/usr/bin/make "cmTryCompileExec2820594022/fast"
/usr/bin/make -f CMakeFiles/cmTryCompileExec2820594022.dir/build.make CMakeFiles/cmTryCompileExec2820594022.dir/build
make[1]: Entering directory `/home/dgalaktionov/Documents/trayectorias/new_shit/sais-2.4.1/build/CMakeFiles/CMakeTmp'
/usr/bin/cmake -E cmake_progress_report /home/dgalaktionov/Documents/trayectorias/new_shit/sais-2.4.1/build/CMakeFiles/CMakeTmp/CMakeFiles 1
Building C object CMakeFiles/cmTryCompileExec2820594022.dir/src.c.o
/usr/bin/cc   -Wall -DHAVE___INLINE__   -o CMakeFiles/cmTryCompileExec2820594022.dir/src.c.o   -c /home/dgalaktionov/Documents/trayectorias/new_shit/sais-2.4.1/build/CMakeFiles/CMakeTmp/src.c
Linking C executable cmTryCompileExec2820594022
/usr/bin/cmake -E cmake_link_script CMakeFiles/cmTryCompileExec2820594022.dir/link.txt --verbose=1
/usr/bin/cc   -Wall -DHAVE___INLINE__    CMakeFiles/cmTryCompileExec2820594022.dir/src.c.o  -o cmTryCompileExec2820594022 -rdynamic 
make[1]: Leaving directory `/home/dgalaktionov/Documents/trayectorias/new_shit/sais-2.4.1/build/CMakeFiles/CMakeTmp'

Source file was:
__inline__ void func(); void func() { } int main() { func(); return 0; }
Determining size of uint8_t passed with the following output:
Change Dir: /home/dgalaktionov/Documents/trayectorias/new_shit/sais-2.4.1/build/CMakeFiles/CMakeTmp

Run Build Command:/usr/bin/make "cmTryCompileExec2046416522/fast"
/usr/bin/make -f CMakeFiles/cmTryCompileExec2046416522.dir/build.make CMakeFiles/cmTryCompileExec2046416522.dir/build
make[1]: Entering directory `/home/dgalaktionov/Documents/trayectorias/new_shit/sais-2.4.1/build/CMakeFiles/CMakeTmp'
/usr/bin/cmake -E cmake_progress_report /home/dgalaktionov/Documents/trayectorias/new_shit/sais-2.4.1/build/CMakeFiles/CMakeTmp/CMakeFiles 1
Building C object CMakeFiles/cmTryCompileExec2046416522.dir/SIZEOF_UINT8_T.c.o
/usr/bin/cc   -Wall    -o CMakeFiles/cmTryCompileExec2046416522.dir/SIZEOF_UINT8_T.c.o   -c /home/dgalaktionov/Documents/trayectorias/new_shit/sais-2.4.1/build/CMakeFiles/CheckTypeSize/SIZEOF_UINT8_T.c
Linking C executable cmTryCompileExec2046416522
/usr/bin/cmake -E cmake_link_script CMakeFiles/cmTryCompileExec2046416522.dir/link.txt --verbose=1
/usr/bin/cc   -Wall     CMakeFiles/cmTryCompileExec2046416522.dir/SIZEOF_UINT8_T.c.o  -o cmTryCompileExec2046416522 -rdynamic 
make[1]: Leaving directory `/home/dgalaktionov/Documents/trayectorias/new_shit/sais-2.4.1/build/CMakeFiles/CMakeTmp'


Determining size of uint16_t passed with the following output:
Change Dir: /home/dgalaktionov/Documents/trayectorias/new_shit/sais-2.4.1/build/CMakeFiles/CMakeTmp

Run Build Command:/usr/bin/make "cmTryCompileExec1470501534/fast"
/usr/bin/make -f CMakeFiles/cmTryCompileExec1470501534.dir/build.make CMakeFiles/cmTryCompileExec1470501534.dir/build
make[1]: Entering directory `/home/dgalaktionov/Documents/trayectorias/new_shit/sais-2.4.1/build/CMakeFiles/CMakeTmp'
/usr/bin/cmake -E cmake_progress_report /home/dgalaktionov/Documents/trayectorias/new_shit/sais-2.4.1/build/CMakeFiles/CMakeTmp/CMakeFiles 1
Building C object CMakeFiles/cmTryCompileExec1470501534.dir/SIZEOF_UINT16_T.c.o
/usr/bin/cc   -Wall    -o CMakeFiles/cmTryCompileExec1470501534.dir/SIZEOF_UINT16_T.c.o   -c /home/dgalaktionov/Documents/trayectorias/new_shit/sais-2.4.1/build/CMakeFiles/CheckTypeSize/SIZEOF_UINT16_T.c
Linking C executable cmTryCompileExec1470501534
/usr/bin/cmake -E cmake_link_script CMakeFiles/cmTryCompileExec1470501534.dir/link.txt --verbose=1
/usr/bin/cc   -Wall     CMakeFiles/cmTryCompileExec1470501534.dir/SIZEOF_UINT16_T.c.o  -o cmTryCompileExec1470501534 -rdynamic 
make[1]: Leaving directory `/home/dgalaktionov/Documents/trayectorias/new_shit/sais-2.4.1/build/CMakeFiles/CMakeTmp'


Determining size of int32_t passed with the following output:
Change Dir: /home/dgalaktionov/Documents/trayectorias/new_shit/sais-2.4.1/build/CMakeFiles/CMakeTmp

Run Build Command:/usr/bin/make "cmTryCompileExec3482893417/fast"
/usr/bin/make -f CMakeFiles/cmTryCompileExec3482893417.dir/build.make CMakeFiles/cmTryCompileExec3482893417.dir/build
make[1]: Entering directory `/home/dgalaktionov/Documents/trayectorias/new_shit/sais-2.4.1/build/CMakeFiles/CMakeTmp'
/usr/bin/cmake -E cmake_progress_report /home/dgalaktionov/Documents/trayectorias/new_shit/sais-2.4.1/build/CMakeFiles/CMakeTmp/CMakeFiles 1
Building C object CMakeFiles/cmTryCompileExec3482893417.dir/SIZEOF_INT32_T.c.o
/usr/bin/cc   -Wall    -o CMakeFiles/cmTryCompileExec3482893417.dir/SIZEOF_INT32_T.c.o   -c /home/dgalaktionov/Documents/trayectorias/new_shit/sais-2.4.1/build/CMakeFiles/CheckTypeSize/SIZEOF_INT32_T.c
Linking C executable cmTryCompileExec3482893417
/usr/bin/cmake -E cmake_link_script CMakeFiles/cmTryCompileExec3482893417.dir/link.txt --verbose=1
/usr/bin/cc   -Wall     CMakeFiles/cmTryCompileExec3482893417.dir/SIZEOF_INT32_T.c.o  -o cmTryCompileExec3482893417 -rdynamic 
make[1]: Leaving directory `/home/dgalaktionov/Documents/trayectorias/new_shit/sais-2.4.1/build/CMakeFiles/CMakeTmp'


Determining if the PRId32 exist passed with the following output:
Change Dir: /home/dgalaktionov/Documents/trayectorias/new_shit/sais-2.4.1/build/CMakeFiles/CMakeTmp

Run Build Command:/usr/bin/make "cmTryCompileExec744919708/fast"
/usr/bin/make -f CMakeFiles/cmTryCompileExec744919708.dir/build.make CMakeFiles/cmTryCompileExec744919708.dir/build
make[1]: Entering directory `/home/dgalaktionov/Documents/trayectorias/new_shit/sais-2.4.1/build/CMakeFiles/CMakeTmp'
/usr/bin/cmake -E cmake_progress_report /home/dgalaktionov/Documents/trayectorias/new_shit/sais-2.4.1/build/CMakeFiles/CMakeTmp/CMakeFiles 1
Building C object CMakeFiles/cmTryCompileExec744919708.dir/CheckSymbolExists.c.o
/usr/bin/cc   -Wall    -o CMakeFiles/cmTryCompileExec744919708.dir/CheckSymbolExists.c.o   -c /home/dgalaktionov/Documents/trayectorias/new_shit/sais-2.4.1/build/CMakeFiles/CMakeTmp/CheckSymbolExists.c
Linking C executable cmTryCompileExec744919708
/usr/bin/cmake -E cmake_link_script CMakeFiles/cmTryCompileExec744919708.dir/link.txt --verbose=1
/usr/bin/cc   -Wall     CMakeFiles/cmTryCompileExec744919708.dir/CheckSymbolExists.c.o  -o cmTryCompileExec744919708 -rdynamic 
make[1]: Leaving directory `/home/dgalaktionov/Documents/trayectorias/new_shit/sais-2.4.1/build/CMakeFiles/CMakeTmp'

File /home/dgalaktionov/Documents/trayectorias/new_shit/sais-2.4.1/build/CMakeFiles/CMakeTmp/CheckSymbolExists.c:
/* */
#include <inttypes.h>

int main(int argc, char** argv)
{
  (void)argv;
#ifndef PRId32
  return ((int*)(&PRId32))[argc];
#else
  (void)argc;
  return 0;
#endif
}

Determining if the INT32_C exist passed with the following output:
Change Dir: /home/dgalaktionov/Documents/trayectorias/new_shit/sais-2.4.1/build/CMakeFiles/CMakeTmp

Run Build Command:/usr/bin/make "cmTryCompileExec2081568119/fast"
/usr/bin/make -f CMakeFiles/cmTryCompileExec2081568119.dir/build.make CMakeFiles/cmTryCompileExec2081568119.dir/build
make[1]: Entering directory `/home/dgalaktionov/Documents/trayectorias/new_shit/sais-2.4.1/build/CMakeFiles/CMakeTmp'
/usr/bin/cmake -E cmake_progress_report /home/dgalaktionov/Documents/trayectorias/new_shit/sais-2.4.1/build/CMakeFiles/CMakeTmp/CMakeFiles 1
Building C object CMakeFiles/cmTryCompileExec2081568119.dir/CheckSymbolExists.c.o
/usr/bin/cc   -Wall    -o CMakeFiles/cmTryCompileExec2081568119.dir/CheckSymbolExists.c.o   -c /home/dgalaktionov/Documents/trayectorias/new_shit/sais-2.4.1/build/CMakeFiles/CMakeTmp/CheckSymbolExists.c
Linking C executable cmTryCompileExec2081568119
/usr/bin/cmake -E cmake_link_script CMakeFiles/cmTryCompileExec2081568119.dir/link.txt --verbose=1
/usr/bin/cc   -Wall     CMakeFiles/cmTryCompileExec2081568119.dir/CheckSymbolExists.c.o  -o cmTryCompileExec2081568119 -rdynamic 
make[1]: Leaving directory `/home/dgalaktionov/Documents/trayectorias/new_shit/sais-2.4.1/build/CMakeFiles/CMakeTmp'

File /home/dgalaktionov/Documents/trayectorias/new_shit/sais-2.4.1/build/CMakeFiles/CMakeTmp/CheckSymbolExists.c:
/* */
#include <stdint.h>

int main(int argc, char** argv)
{
  (void)argv;
#ifndef INT32_C
  return ((int*)(&INT32_C))[argc];
#else
  (void)argc;
  return 0;
#endif
}

Determining if the UINT32_C exist passed with the following output:
Change Dir: /home/dgalaktionov/Documents/trayectorias/new_shit/sais-2.4.1/build/CMakeFiles/CMakeTmp

Run Build Command:/usr/bin/make "cmTryCompileExec1812338871/fast"
/usr/bin/make -f CMakeFiles/cmTryCompileExec1812338871.dir/build.make CMakeFiles/cmTryCompileExec1812338871.dir/build
make[1]: Entering directory `/home/dgalaktionov/Documents/trayectorias/new_shit/sais-2.4.1/build/CMakeFiles/CMakeTmp'
/usr/bin/cmake -E cmake_progress_report /home/dgalaktionov/Documents/trayectorias/new_shit/sais-2.4.1/build/CMakeFiles/CMakeTmp/CMakeFiles 1
Building C object CMakeFiles/cmTryCompileExec1812338871.dir/CheckSymbolExists.c.o
/usr/bin/cc   -Wall    -o CMakeFiles/cmTryCompileExec1812338871.dir/CheckSymbolExists.c.o   -c /home/dgalaktionov/Documents/trayectorias/new_shit/sais-2.4.1/build/CMakeFiles/CMakeTmp/CheckSymbolExists.c
Linking C executable cmTryCompileExec1812338871
/usr/bin/cmake -E cmake_link_script CMakeFiles/cmTryCompileExec1812338871.dir/link.txt --verbose=1
/usr/bin/cc   -Wall     CMakeFiles/cmTryCompileExec1812338871.dir/CheckSymbolExists.c.o  -o cmTryCompileExec1812338871 -rdynamic 
make[1]: Leaving directory `/home/dgalaktionov/Documents/trayectorias/new_shit/sais-2.4.1/build/CMakeFiles/CMakeTmp'

File /home/dgalaktionov/Documents/trayectorias/new_shit/sais-2.4.1/build/CMakeFiles/CMakeTmp/CheckSymbolExists.c:
/* */
#include <stdint.h>

int main(int argc, char** argv)
{
  (void)argv;
#ifndef UINT32_C
  return ((int*)(&UINT32_C))[argc];
#else
  (void)argc;
  return 0;
#endif
}

Determining size of uint32_t passed with the following output:
Change Dir: /home/dgalaktionov/Documents/trayectorias/new_shit/sais-2.4.1/build/CMakeFiles/CMakeTmp

Run Build Command:/usr/bin/make "cmTryCompileExec3508130277/fast"
/usr/bin/make -f CMakeFiles/cmTryCompileExec3508130277.dir/build.make CMakeFiles/cmTryCompileExec3508130277.dir/build
make[1]: Entering directory `/home/dgalaktionov/Documents/trayectorias/new_shit/sais-2.4.1/build/CMakeFiles/CMakeTmp'
/usr/bin/cmake -E cmake_progress_report /home/dgalaktionov/Documents/trayectorias/new_shit/sais-2.4.1/build/CMakeFiles/CMakeTmp/CMakeFiles 1
Building C object CMakeFiles/cmTryCompileExec3508130277.dir/SIZEOF_UINT32_T.c.o
/usr/bin/cc   -Wall    -o CMakeFiles/cmTryCompileExec3508130277.dir/SIZEOF_UINT32_T.c.o   -c /home/dgalaktionov/Documents/trayectorias/new_shit/sais-2.4.1/build/CMakeFiles/CheckTypeSize/SIZEOF_UINT32_T.c
Linking C executable cmTryCompileExec3508130277
/usr/bin/cmake -E cmake_link_script CMakeFiles/cmTryCompileExec3508130277.dir/link.txt --verbose=1
/usr/bin/cc   -Wall     CMakeFiles/cmTryCompileExec3508130277.dir/SIZEOF_UINT32_T.c.o  -o cmTryCompileExec3508130277 -rdynamic 
make[1]: Leaving directory `/home/dgalaktionov/Documents/trayectorias/new_shit/sais-2.4.1/build/CMakeFiles/CMakeTmp'


Determining size of int64_t passed with the following output:
Change Dir: /home/dgalaktionov/Documents/trayectorias/new_shit/sais-2.4.1/build/CMakeFiles/CMakeTmp

Run Build Command:/usr/bin/make "cmTryCompileExec2375656146/fast"
/usr/bin/make -f CMakeFiles/cmTryCompileExec2375656146.dir/build.make CMakeFiles/cmTryCompileExec2375656146.dir/build
make[1]: Entering directory `/home/dgalaktionov/Documents/trayectorias/new_shit/sais-2.4.1/build/CMakeFiles/CMakeTmp'
/usr/bin/cmake -E cmake_progress_report /home/dgalaktionov/Documents/trayectorias/new_shit/sais-2.4.1/build/CMakeFiles/CMakeTmp/CMakeFiles 1
Building C object CMakeFiles/cmTryCompileExec2375656146.dir/SIZEOF_INT64_T.c.o
/usr/bin/cc   -Wall    -o CMakeFiles/cmTryCompileExec2375656146.dir/SIZEOF_INT64_T.c.o   -c /home/dgalaktionov/Documents/trayectorias/new_shit/sais-2.4.1/build/CMakeFiles/CheckTypeSize/SIZEOF_INT64_T.c
Linking C executable cmTryCompileExec2375656146
/usr/bin/cmake -E cmake_link_script CMakeFiles/cmTryCompileExec2375656146.dir/link.txt --verbose=1
/usr/bin/cc   -Wall     CMakeFiles/cmTryCompileExec2375656146.dir/SIZEOF_INT64_T.c.o  -o cmTryCompileExec2375656146 -rdynamic 
make[1]: Leaving directory `/home/dgalaktionov/Documents/trayectorias/new_shit/sais-2.4.1/build/CMakeFiles/CMakeTmp'


Determining if the PRId64 exist passed with the following output:
Change Dir: /home/dgalaktionov/Documents/trayectorias/new_shit/sais-2.4.1/build/CMakeFiles/CMakeTmp

Run Build Command:/usr/bin/make "cmTryCompileExec1382576171/fast"
/usr/bin/make -f CMakeFiles/cmTryCompileExec1382576171.dir/build.make CMakeFiles/cmTryCompileExec1382576171.dir/build
make[1]: Entering directory `/home/dgalaktionov/Documents/trayectorias/new_shit/sais-2.4.1/build/CMakeFiles/CMakeTmp'
/usr/bin/cmake -E cmake_progress_report /home/dgalaktionov/Documents/trayectorias/new_shit/sais-2.4.1/build/CMakeFiles/CMakeTmp/CMakeFiles 1
Building C object CMakeFiles/cmTryCompileExec1382576171.dir/CheckSymbolExists.c.o
/usr/bin/cc   -Wall    -o CMakeFiles/cmTryCompileExec1382576171.dir/CheckSymbolExists.c.o   -c /home/dgalaktionov/Documents/trayectorias/new_shit/sais-2.4.1/build/CMakeFiles/CMakeTmp/CheckSymbolExists.c
Linking C executable cmTryCompileExec1382576171
/usr/bin/cmake -E cmake_link_script CMakeFiles/cmTryCompileExec1382576171.dir/link.txt --verbose=1
/usr/bin/cc   -Wall     CMakeFiles/cmTryCompileExec1382576171.dir/CheckSymbolExists.c.o  -o cmTryCompileExec1382576171 -rdynamic 
make[1]: Leaving directory `/home/dgalaktionov/Documents/trayectorias/new_shit/sais-2.4.1/build/CMakeFiles/CMakeTmp'

File /home/dgalaktionov/Documents/trayectorias/new_shit/sais-2.4.1/build/CMakeFiles/CMakeTmp/CheckSymbolExists.c:
/* */
#include <inttypes.h>

int main(int argc, char** argv)
{
  (void)argv;
#ifndef PRId64
  return ((int*)(&PRId64))[argc];
#else
  (void)argc;
  return 0;
#endif
}

Determining if the INT64_C exist passed with the following output:
Change Dir: /home/dgalaktionov/Documents/trayectorias/new_shit/sais-2.4.1/build/CMakeFiles/CMakeTmp

Run Build Command:/usr/bin/make "cmTryCompileExec38957922/fast"
/usr/bin/make -f CMakeFiles/cmTryCompileExec38957922.dir/build.make CMakeFiles/cmTryCompileExec38957922.dir/build
make[1]: Entering directory `/home/dgalaktionov/Documents/trayectorias/new_shit/sais-2.4.1/build/CMakeFiles/CMakeTmp'
/usr/bin/cmake -E cmake_progress_report /home/dgalaktionov/Documents/trayectorias/new_shit/sais-2.4.1/build/CMakeFiles/CMakeTmp/CMakeFiles 1
Building C object CMakeFiles/cmTryCompileExec38957922.dir/CheckSymbolExists.c.o
/usr/bin/cc   -Wall    -o CMakeFiles/cmTryCompileExec38957922.dir/CheckSymbolExists.c.o   -c /home/dgalaktionov/Documents/trayectorias/new_shit/sais-2.4.1/build/CMakeFiles/CMakeTmp/CheckSymbolExists.c
Linking C executable cmTryCompileExec38957922
/usr/bin/cmake -E cmake_link_script CMakeFiles/cmTryCompileExec38957922.dir/link.txt --verbose=1
/usr/bin/cc   -Wall     CMakeFiles/cmTryCompileExec38957922.dir/CheckSymbolExists.c.o  -o cmTryCompileExec38957922 -rdynamic 
make[1]: Leaving directory `/home/dgalaktionov/Documents/trayectorias/new_shit/sais-2.4.1/build/CMakeFiles/CMakeTmp'

File /home/dgalaktionov/Documents/trayectorias/new_shit/sais-2.4.1/build/CMakeFiles/CMakeTmp/CheckSymbolExists.c:
/* */
#include <stdint.h>

int main(int argc, char** argv)
{
  (void)argv;
#ifndef INT64_C
  return ((int*)(&INT64_C))[argc];
#else
  (void)argc;
  return 0;
#endif
}

