The system is: Linux - 4.4.0-116-generic - x86_64
Compiling the C compiler identification source file "CMakeCCompilerId.c" succeeded.
Compiler: /usr/bin/cc 
Build flags: 
Id flags: 

The output was:
0


Compilation of the C compiler identification source "CMakeCCompilerId.c" produced "a.out"

The C compiler identification is GNU, found in "/home/dgalaktionov/Documents/trayectorias/new_shit/sais-2.4.1/CMakeFiles/2.8.12.2/CompilerIdC/a.out"

Determining if the C compiler works passed with the following output:
Change Dir: /home/dgalaktionov/Documents/trayectorias/new_shit/sais-2.4.1/CMakeFiles/CMakeTmp

Run Build Command:/usr/bin/make "cmTryCompileExec3174260704/fast"
/usr/bin/make -f CMakeFiles/cmTryCompileExec3174260704.dir/build.make CMakeFiles/cmTryCompileExec3174260704.dir/build
make[1]: Entering directory `/home/dgalaktionov/Documents/trayectorias/new_shit/sais-2.4.1/CMakeFiles/CMakeTmp'
/usr/bin/cmake -E cmake_progress_report /home/dgalaktionov/Documents/trayectorias/new_shit/sais-2.4.1/CMakeFiles/CMakeTmp/CMakeFiles 1
Building C object CMakeFiles/cmTryCompileExec3174260704.dir/testCCompiler.c.o
/usr/bin/cc    -o CMakeFiles/cmTryCompileExec3174260704.dir/testCCompiler.c.o   -c /home/dgalaktionov/Documents/trayectorias/new_shit/sais-2.4.1/CMakeFiles/CMakeTmp/testCCompiler.c
Linking C executable cmTryCompileExec3174260704
/usr/bin/cmake -E cmake_link_script CMakeFiles/cmTryCompileExec3174260704.dir/link.txt --verbose=1
/usr/bin/cc       CMakeFiles/cmTryCompileExec3174260704.dir/testCCompiler.c.o  -o cmTryCompileExec3174260704 -rdynamic 
make[1]: Leaving directory `/home/dgalaktionov/Documents/trayectorias/new_shit/sais-2.4.1/CMakeFiles/CMakeTmp'


Detecting C compiler ABI info compiled with the following output:
Change Dir: /home/dgalaktionov/Documents/trayectorias/new_shit/sais-2.4.1/CMakeFiles/CMakeTmp

Run Build Command:/usr/bin/make "cmTryCompileExec2902596475/fast"
/usr/bin/make -f CMakeFiles/cmTryCompileExec2902596475.dir/build.make CMakeFiles/cmTryCompileExec2902596475.dir/build
make[1]: Entering directory `/home/dgalaktionov/Documents/trayectorias/new_shit/sais-2.4.1/CMakeFiles/CMakeTmp'
/usr/bin/cmake -E cmake_progress_report /home/dgalaktionov/Documents/trayectorias/new_shit/sais-2.4.1/CMakeFiles/CMakeTmp/CMakeFiles 1
Building C object CMakeFiles/cmTryCompileExec2902596475.dir/CMakeCCompilerABI.c.o
/usr/bin/cc    -o CMakeFiles/cmTryCompileExec2902596475.dir/CMakeCCompilerABI.c.o   -c /usr/share/cmake-2.8/Modules/CMakeCCompilerABI.c
Linking C executable cmTryCompileExec2902596475
/usr/bin/cmake -E cmake_link_script CMakeFiles/cmTryCompileExec2902596475.dir/link.txt --verbose=1
/usr/bin/cc     -v CMakeFiles/cmTryCompileExec2902596475.dir/CMakeCCompilerABI.c.o  -o cmTryCompileExec2902596475 -rdynamic  
Using built-in specs.
COLLECT_GCC=/usr/bin/cc
COLLECT_LTO_WRAPPER=/usr/lib/gcc/x86_64-linux-gnu/4.8/lto-wrapper
Target: x86_64-linux-gnu
Configured with: ../src/configure -v --with-pkgversion='Ubuntu 4.8.4-2ubuntu1~14.04.4' --with-bugurl=file:///usr/share/doc/gcc-4.8/README.Bugs --enable-languages=c,c++,java,go,d,fortran,objc,obj-c++ --prefix=/usr --program-suffix=-4.8 --enable-shared --enable-linker-build-id --libexecdir=/usr/lib --without-included-gettext --enable-threads=posix --with-gxx-include-dir=/usr/include/c++/4.8 --libdir=/usr/lib --enable-nls --with-sysroot=/ --enable-clocale=gnu --enable-libstdcxx-debug --enable-libstdcxx-time=yes --enable-gnu-unique-object --disable-libmudflap --enable-plugin --with-system-zlib --disable-browser-plugin --enable-java-awt=gtk --enable-gtk-cairo --with-java-home=/usr/lib/jvm/java-1.5.0-gcj-4.8-amd64/jre --enable-java-home --with-jvm-root-dir=/usr/lib/jvm/java-1.5.0-gcj-4.8-amd64 --with-jvm-jar-dir=/usr/lib/jvm-exports/java-1.5.0-gcj-4.8-amd64 --with-arch-directory=amd64 --with-ecj-jar=/usr/share/java/eclipse-ecj.jar --enable-objc-gc --enable-multiarch --disable-werror --with-arch-32=i686 --with-abi=m64 --with-multilib-list=m32,m64,mx32 --with-tune=generic --enable-checking=release --build=x86_64-linux-gnu --host=x86_64-linux-gnu --target=x86_64-linux-gnu
Thread model: posix
gcc version 4.8.4 (Ubuntu 4.8.4-2ubuntu1~14.04.4) 
COMPILER_PATH=/usr/lib/gcc/x86_64-linux-gnu/4.8/:/usr/lib/gcc/x86_64-linux-gnu/4.8/:/usr/lib/gcc/x86_64-linux-gnu/:/usr/lib/gcc/x86_64-linux-gnu/4.8/:/usr/lib/gcc/x86_64-linux-gnu/
LIBRARY_PATH=/usr/lib/gcc/x86_64-linux-gnu/4.8/:/usr/lib/gcc/x86_64-linux-gnu/4.8/../../../x86_64-linux-gnu/:/usr/lib/gcc/x86_64-linux-gnu/4.8/../../../../lib/:/lib/x86_64-linux-gnu/:/lib/../lib/:/usr/lib/x86_64-linux-gnu/:/usr/lib/../lib/:/usr/lib/gcc/x86_64-linux-gnu/4.8/../../../:/lib/:/usr/lib/
COLLECT_GCC_OPTIONS='-v' '-o' 'cmTryCompileExec2902596475' '-rdynamic' '-mtune=generic' '-march=x86-64'
 /usr/lib/gcc/x86_64-linux-gnu/4.8/collect2 --sysroot=/ --build-id --eh-frame-hdr -m elf_x86_64 --hash-style=gnu --as-needed -export-dynamic -dynamic-linker /lib64/ld-linux-x86-64.so.2 -z relro -o cmTryCompileExec2902596475 /usr/lib/gcc/x86_64-linux-gnu/4.8/../../../x86_64-linux-gnu/crt1.o /usr/lib/gcc/x86_64-linux-gnu/4.8/../../../x86_64-linux-gnu/crti.o /usr/lib/gcc/x86_64-linux-gnu/4.8/crtbegin.o -L/usr/lib/gcc/x86_64-linux-gnu/4.8 -L/usr/lib/gcc/x86_64-linux-gnu/4.8/../../../x86_64-linux-gnu -L/usr/lib/gcc/x86_64-linux-gnu/4.8/../../../../lib -L/lib/x86_64-linux-gnu -L/lib/../lib -L/usr/lib/x86_64-linux-gnu -L/usr/lib/../lib -L/usr/lib/gcc/x86_64-linux-gnu/4.8/../../.. CMakeFiles/cmTryCompileExec2902596475.dir/CMakeCCompilerABI.c.o -lgcc --as-needed -lgcc_s --no-as-needed -lc -lgcc --as-needed -lgcc_s --no-as-needed /usr/lib/gcc/x86_64-linux-gnu/4.8/crtend.o /usr/lib/gcc/x86_64-linux-gnu/4.8/../../../x86_64-linux-gnu/crtn.o
make[1]: Leaving directory `/home/dgalaktionov/Documents/trayectorias/new_shit/sais-2.4.1/CMakeFiles/CMakeTmp'


Parsed C implicit link information from above output:
  link line regex: [^( *|.*[/\])(ld|([^/\]+-)?ld|collect2)[^/\]*( |$)]
  ignore line: [Change Dir: /home/dgalaktionov/Documents/trayectorias/new_shit/sais-2.4.1/CMakeFiles/CMakeTmp]
  ignore line: []
  ignore line: [Run Build Command:/usr/bin/make "cmTryCompileExec2902596475/fast"]
  ignore line: [/usr/bin/make -f CMakeFiles/cmTryCompileExec2902596475.dir/build.make CMakeFiles/cmTryCompileExec2902596475.dir/build]
  ignore line: [make[1]: Entering directory `/home/dgalaktionov/Documents/trayectorias/new_shit/sais-2.4.1/CMakeFiles/CMakeTmp']
  ignore line: [/usr/bin/cmake -E cmake_progress_report /home/dgalaktionov/Documents/trayectorias/new_shit/sais-2.4.1/CMakeFiles/CMakeTmp/CMakeFiles 1]
  ignore line: [Building C object CMakeFiles/cmTryCompileExec2902596475.dir/CMakeCCompilerABI.c.o]
  ignore line: [/usr/bin/cc    -o CMakeFiles/cmTryCompileExec2902596475.dir/CMakeCCompilerABI.c.o   -c /usr/share/cmake-2.8/Modules/CMakeCCompilerABI.c]
  ignore line: [Linking C executable cmTryCompileExec2902596475]
  ignore line: [/usr/bin/cmake -E cmake_link_script CMakeFiles/cmTryCompileExec2902596475.dir/link.txt --verbose=1]
  ignore line: [/usr/bin/cc     -v CMakeFiles/cmTryCompileExec2902596475.dir/CMakeCCompilerABI.c.o  -o cmTryCompileExec2902596475 -rdynamic  ]
  ignore line: [Using built-in specs.]
  ignore line: [COLLECT_GCC=/usr/bin/cc]
  ignore line: [COLLECT_LTO_WRAPPER=/usr/lib/gcc/x86_64-linux-gnu/4.8/lto-wrapper]
  ignore line: [Target: x86_64-linux-gnu]
  ignore line: [Configured with: ../src/configure -v --with-pkgversion='Ubuntu 4.8.4-2ubuntu1~14.04.4' --with-bugurl=file:///usr/share/doc/gcc-4.8/README.Bugs --enable-languages=c,c++,java,go,d,fortran,objc,obj-c++ --prefix=/usr --program-suffix=-4.8 --enable-shared --enable-linker-build-id --libexecdir=/usr/lib --without-included-gettext --enable-threads=posix --with-gxx-include-dir=/usr/include/c++/4.8 --libdir=/usr/lib --enable-nls --with-sysroot=/ --enable-clocale=gnu --enable-libstdcxx-debug --enable-libstdcxx-time=yes --enable-gnu-unique-object --disable-libmudflap --enable-plugin --with-system-zlib --disable-browser-plugin --enable-java-awt=gtk --enable-gtk-cairo --with-java-home=/usr/lib/jvm/java-1.5.0-gcj-4.8-amd64/jre --enable-java-home --with-jvm-root-dir=/usr/lib/jvm/java-1.5.0-gcj-4.8-amd64 --with-jvm-jar-dir=/usr/lib/jvm-exports/java-1.5.0-gcj-4.8-amd64 --with-arch-directory=amd64 --with-ecj-jar=/usr/share/java/eclipse-ecj.jar --enable-objc-gc --enable-multiarch --disable-werror --with-arch-32=i686 --with-abi=m64 --with-multilib-list=m32,m64,mx32 --with-tune=generic --enable-checking=release --build=x86_64-linux-gnu --host=x86_64-linux-gnu --target=x86_64-linux-gnu]
  ignore line: [Thread model: posix]
  ignore line: [gcc version 4.8.4 (Ubuntu 4.8.4-2ubuntu1~14.04.4) ]
  ignore line: [COMPILER_PATH=/usr/lib/gcc/x86_64-linux-gnu/4.8/:/usr/lib/gcc/x86_64-linux-gnu/4.8/:/usr/lib/gcc/x86_64-linux-gnu/:/usr/lib/gcc/x86_64-linux-gnu/4.8/:/usr/lib/gcc/x86_64-linux-gnu/]
  ignore line: [LIBRARY_PATH=/usr/lib/gcc/x86_64-linux-gnu/4.8/:/usr/lib/gcc/x86_64-linux-gnu/4.8/../../../x86_64-linux-gnu/:/usr/lib/gcc/x86_64-linux-gnu/4.8/../../../../lib/:/lib/x86_64-linux-gnu/:/lib/../lib/:/usr/lib/x86_64-linux-gnu/:/usr/lib/../lib/:/usr/lib/gcc/x86_64-linux-gnu/4.8/../../../:/lib/:/usr/lib/]
  ignore line: [COLLECT_GCC_OPTIONS='-v' '-o' 'cmTryCompileExec2902596475' '-rdynamic' '-mtune=generic' '-march=x86-64']
  link line: [ /usr/lib/gcc/x86_64-linux-gnu/4.8/collect2 --sysroot=/ --build-id --eh-frame-hdr -m elf_x86_64 --hash-style=gnu --as-needed -export-dynamic -dynamic-linker /lib64/ld-linux-x86-64.so.2 -z relro -o cmTryCompileExec2902596475 /usr/lib/gcc/x86_64-linux-gnu/4.8/../../../x86_64-linux-gnu/crt1.o /usr/lib/gcc/x86_64-linux-gnu/4.8/../../../x86_64-linux-gnu/crti.o /usr/lib/gcc/x86_64-linux-gnu/4.8/crtbegin.o -L/usr/lib/gcc/x86_64-linux-gnu/4.8 -L/usr/lib/gcc/x86_64-linux-gnu/4.8/../../../x86_64-linux-gnu -L/usr/lib/gcc/x86_64-linux-gnu/4.8/../../../../lib -L/lib/x86_64-linux-gnu -L/lib/../lib -L/usr/lib/x86_64-linux-gnu -L/usr/lib/../lib -L/usr/lib/gcc/x86_64-linux-gnu/4.8/../../.. CMakeFiles/cmTryCompileExec2902596475.dir/CMakeCCompilerABI.c.o -lgcc --as-needed -lgcc_s --no-as-needed -lc -lgcc --as-needed -lgcc_s --no-as-needed /usr/lib/gcc/x86_64-linux-gnu/4.8/crtend.o /usr/lib/gcc/x86_64-linux-gnu/4.8/../../../x86_64-linux-gnu/crtn.o]
    arg [/usr/lib/gcc/x86_64-linux-gnu/4.8/collect2] ==> ignore
    arg [--sysroot=/] ==> ignore
    arg [--build-id] ==> ignore
    arg [--eh-frame-hdr] ==> ignore
    arg [-m] ==> ignore
    arg [elf_x86_64] ==> ignore
    arg [--hash-style=gnu] ==> ignore
    arg [--as-needed] ==> ignore
    arg [-export-dynamic] ==> ignore
    arg [-dynamic-linker] ==> ignore
    arg [/lib64/ld-linux-x86-64.so.2] ==> ignore
    arg [-zrelro] ==> ignore
    arg [-o] ==> ignore
    arg [cmTryCompileExec2902596475] ==> ignore
    arg [/usr/lib/gcc/x86_64-linux-gnu/4.8/../../../x86_64-linux-gnu/crt1.o] ==> ignore
    arg [/usr/lib/gcc/x86_64-linux-gnu/4.8/../../../x86_64-linux-gnu/crti.o] ==> ignore
    arg [/usr/lib/gcc/x86_64-linux-gnu/4.8/crtbegin.o] ==> ignore
    arg [-L/usr/lib/gcc/x86_64-linux-gnu/4.8] ==> dir [/usr/lib/gcc/x86_64-linux-gnu/4.8]
    arg [-L/usr/lib/gcc/x86_64-linux-gnu/4.8/../../../x86_64-linux-gnu] ==> dir [/usr/lib/gcc/x86_64-linux-gnu/4.8/../../../x86_64-linux-gnu]
    arg [-L/usr/lib/gcc/x86_64-linux-gnu/4.8/../../../../lib] ==> dir [/usr/lib/gcc/x86_64-linux-gnu/4.8/../../../../lib]
    arg [-L/lib/x86_64-linux-gnu] ==> dir [/lib/x86_64-linux-gnu]
    arg [-L/lib/../lib] ==> dir [/lib/../lib]
    arg [-L/usr/lib/x86_64-linux-gnu] ==> dir [/usr/lib/x86_64-linux-gnu]
    arg [-L/usr/lib/../lib] ==> dir [/usr/lib/../lib]
    arg [-L/usr/lib/gcc/x86_64-linux-gnu/4.8/../../..] ==> dir [/usr/lib/gcc/x86_64-linux-gnu/4.8/../../..]
    arg [CMakeFiles/cmTryCompileExec2902596475.dir/CMakeCCompilerABI.c.o] ==> ignore
    arg [-lgcc] ==> lib [gcc]
    arg [--as-needed] ==> ignore
    arg [-lgcc_s] ==> lib [gcc_s]
    arg [--no-as-needed] ==> ignore
    arg [-lc] ==> lib [c]
    arg [-lgcc] ==> lib [gcc]
    arg [--as-needed] ==> ignore
    arg [-lgcc_s] ==> lib [gcc_s]
    arg [--no-as-needed] ==> ignore
    arg [/usr/lib/gcc/x86_64-linux-gnu/4.8/crtend.o] ==> ignore
    arg [/usr/lib/gcc/x86_64-linux-gnu/4.8/../../../x86_64-linux-gnu/crtn.o] ==> ignore
  remove lib [gcc]
  remove lib [gcc_s]
  remove lib [gcc]
  remove lib [gcc_s]
  collapse library dir [/usr/lib/gcc/x86_64-linux-gnu/4.8] ==> [/usr/lib/gcc/x86_64-linux-gnu/4.8]
  collapse library dir [/usr/lib/gcc/x86_64-linux-gnu/4.8/../../../x86_64-linux-gnu] ==> [/usr/lib/x86_64-linux-gnu]
  collapse library dir [/usr/lib/gcc/x86_64-linux-gnu/4.8/../../../../lib] ==> [/usr/lib]
  collapse library dir [/lib/x86_64-linux-gnu] ==> [/lib/x86_64-linux-gnu]
  collapse library dir [/lib/../lib] ==> [/lib]
  collapse library dir [/usr/lib/x86_64-linux-gnu] ==> [/usr/lib/x86_64-linux-gnu]
  collapse library dir [/usr/lib/../lib] ==> [/usr/lib]
  collapse library dir [/usr/lib/gcc/x86_64-linux-gnu/4.8/../../..] ==> [/usr/lib]
  implicit libs: [c]
  implicit dirs: [/usr/lib/gcc/x86_64-linux-gnu/4.8;/usr/lib/x86_64-linux-gnu;/usr/lib;/lib/x86_64-linux-gnu;/lib]
  implicit fwks: []


Performing C SOURCE FILE Test HAVE_GCC_WALL succeded with the following output:
Change Dir: /home/dgalaktionov/Documents/trayectorias/new_shit/sais-2.4.1/CMakeFiles/CMakeTmp

Run Build Command:/usr/bin/make "cmTryCompileExec534619029/fast"
/usr/bin/make -f CMakeFiles/cmTryCompileExec534619029.dir/build.make CMakeFiles/cmTryCompileExec534619029.dir/build
make[1]: Entering directory `/home/dgalaktionov/Documents/trayectorias/new_shit/sais-2.4.1/CMakeFiles/CMakeTmp'
/usr/bin/cmake -E cmake_progress_report /home/dgalaktionov/Documents/trayectorias/new_shit/sais-2.4.1/CMakeFiles/CMakeTmp/CMakeFiles 1
Building C object CMakeFiles/cmTryCompileExec534619029.dir/src.c.o
/usr/bin/cc   -DHAVE_GCC_WALL -Wall   -o CMakeFiles/cmTryCompileExec534619029.dir/src.c.o   -c /home/dgalaktionov/Documents/trayectorias/new_shit/sais-2.4.1/CMakeFiles/CMakeTmp/src.c
Linking C executable cmTryCompileExec534619029
/usr/bin/cmake -E cmake_link_script CMakeFiles/cmTryCompileExec534619029.dir/link.txt --verbose=1
/usr/bin/cc   -DHAVE_GCC_WALL -Wall    CMakeFiles/cmTryCompileExec534619029.dir/src.c.o  -o cmTryCompileExec534619029 -rdynamic 
make[1]: Leaving directory `/home/dgalaktionov/Documents/trayectorias/new_shit/sais-2.4.1/CMakeFiles/CMakeTmp'

Source file was:
int main() { return 0; }
Performing C SOURCE FILE Test HAVE_GCC_FOMIT_FRAME_POINTER succeded with the following output:
Change Dir: /home/dgalaktionov/Documents/trayectorias/new_shit/sais-2.4.1/CMakeFiles/CMakeTmp

Run Build Command:/usr/bin/make "cmTryCompileExec475600819/fast"
/usr/bin/make -f CMakeFiles/cmTryCompileExec475600819.dir/build.make CMakeFiles/cmTryCompileExec475600819.dir/build
make[1]: Entering directory `/home/dgalaktionov/Documents/trayectorias/new_shit/sais-2.4.1/CMakeFiles/CMakeTmp'
/usr/bin/cmake -E cmake_progress_report /home/dgalaktionov/Documents/trayectorias/new_shit/sais-2.4.1/CMakeFiles/CMakeTmp/CMakeFiles 1
Building C object CMakeFiles/cmTryCompileExec475600819.dir/src.c.o
/usr/bin/cc   -Wall -DHAVE_GCC_FOMIT_FRAME_POINTER -fomit-frame-pointer   -o CMakeFiles/cmTryCompileExec475600819.dir/src.c.o   -c /home/dgalaktionov/Documents/trayectorias/new_shit/sais-2.4.1/CMakeFiles/CMakeTmp/src.c
Linking C executable cmTryCompileExec475600819
/usr/bin/cmake -E cmake_link_script CMakeFiles/cmTryCompileExec475600819.dir/link.txt --verbose=1
/usr/bin/cc   -Wall -DHAVE_GCC_FOMIT_FRAME_POINTER -fomit-frame-pointer    CMakeFiles/cmTryCompileExec475600819.dir/src.c.o  -o cmTryCompileExec475600819 -rdynamic 
make[1]: Leaving directory `/home/dgalaktionov/Documents/trayectorias/new_shit/sais-2.4.1/CMakeFiles/CMakeTmp'

Source file was:
int main() { return 0; }
Determining if the include file inttypes.h exists passed with the following output:
Change Dir: /home/dgalaktionov/Documents/trayectorias/new_shit/sais-2.4.1/CMakeFiles/CMakeTmp

Run Build Command:/usr/bin/make "cmTryCompileExec3666339024/fast"
/usr/bin/make -f CMakeFiles/cmTryCompileExec3666339024.dir/build.make CMakeFiles/cmTryCompileExec3666339024.dir/build
make[1]: Entering directory `/home/dgalaktionov/Documents/trayectorias/new_shit/sais-2.4.1/CMakeFiles/CMakeTmp'
/usr/bin/cmake -E cmake_progress_report /home/dgalaktionov/Documents/trayectorias/new_shit/sais-2.4.1/CMakeFiles/CMakeTmp/CMakeFiles 1
Building C object CMakeFiles/cmTryCompileExec3666339024.dir/CheckIncludeFile.c.o
/usr/bin/cc   -Wall    -o CMakeFiles/cmTryCompileExec3666339024.dir/CheckIncludeFile.c.o   -c /home/dgalaktionov/Documents/trayectorias/new_shit/sais-2.4.1/CMakeFiles/CMakeTmp/CheckIncludeFile.c
Linking C executable cmTryCompileExec3666339024
/usr/bin/cmake -E cmake_link_script CMakeFiles/cmTryCompileExec3666339024.dir/link.txt --verbose=1
/usr/bin/cc   -Wall     CMakeFiles/cmTryCompileExec3666339024.dir/CheckIncludeFile.c.o  -o cmTryCompileExec3666339024 -rdynamic 
make[1]: Leaving directory `/home/dgalaktionov/Documents/trayectorias/new_shit/sais-2.4.1/CMakeFiles/CMakeTmp'


Determining if the include file memory.h exists passed with the following output:
Change Dir: /home/dgalaktionov/Documents/trayectorias/new_shit/sais-2.4.1/CMakeFiles/CMakeTmp

Run Build Command:/usr/bin/make "cmTryCompileExec2569451032/fast"
/usr/bin/make -f CMakeFiles/cmTryCompileExec2569451032.dir/build.make CMakeFiles/cmTryCompileExec2569451032.dir/build
make[1]: Entering directory `/home/dgalaktionov/Documents/trayectorias/new_shit/sais-2.4.1/CMakeFiles/CMakeTmp'
/usr/bin/cmake -E cmake_progress_report /home/dgalaktionov/Documents/trayectorias/new_shit/sais-2.4.1/CMakeFiles/CMakeTmp/CMakeFiles 1
Building C object CMakeFiles/cmTryCompileExec2569451032.dir/CheckIncludeFile.c.o
/usr/bin/cc   -Wall    -o CMakeFiles/cmTryCompileExec2569451032.dir/CheckIncludeFile.c.o   -c /home/dgalaktionov/Documents/trayectorias/new_shit/sais-2.4.1/CMakeFiles/CMakeTmp/CheckIncludeFile.c
Linking C executable cmTryCompileExec2569451032
/usr/bin/cmake -E cmake_link_script CMakeFiles/cmTryCompileExec2569451032.dir/link.txt --verbose=1
/usr/bin/cc   -Wall     CMakeFiles/cmTryCompileExec2569451032.dir/CheckIncludeFile.c.o  -o cmTryCompileExec2569451032 -rdynamic 
make[1]: Leaving directory `/home/dgalaktionov/Documents/trayectorias/new_shit/sais-2.4.1/CMakeFiles/CMakeTmp'


Determining if the include file stddef.h exists passed with the following output:
Change Dir: /home/dgalaktionov/Documents/trayectorias/new_shit/sais-2.4.1/CMakeFiles/CMakeTmp

Run Build Command:/usr/bin/make "cmTryCompileExec2655192145/fast"
/usr/bin/make -f CMakeFiles/cmTryCompileExec2655192145.dir/build.make CMakeFiles/cmTryCompileExec2655192145.dir/build
make[1]: Entering directory `/home/dgalaktionov/Documents/trayectorias/new_shit/sais-2.4.1/CMakeFiles/CMakeTmp'
/usr/bin/cmake -E cmake_progress_report /home/dgalaktionov/Documents/trayectorias/new_shit/sais-2.4.1/CMakeFiles/CMakeTmp/CMakeFiles 1
Building C object CMakeFiles/cmTryCompileExec2655192145.dir/CheckIncludeFile.c.o
/usr/bin/cc   -Wall    -o CMakeFiles/cmTryCompileExec2655192145.dir/CheckIncludeFile.c.o   -c /home/dgalaktionov/Documents/trayectorias/new_shit/sais-2.4.1/CMakeFiles/CMakeTmp/CheckIncludeFile.c
Linking C executable cmTryCompileExec2655192145
/usr/bin/cmake -E cmake_link_script CMakeFiles/cmTryCompileExec2655192145.dir/link.txt --verbose=1
/usr/bin/cc   -Wall     CMakeFiles/cmTryCompileExec2655192145.dir/CheckIncludeFile.c.o  -o cmTryCompileExec2655192145 -rdynamic 
make[1]: Leaving directory `/home/dgalaktionov/Documents/trayectorias/new_shit/sais-2.4.1/CMakeFiles/CMakeTmp'


Determining if the include file stdint.h exists passed with the following output:
Change Dir: /home/dgalaktionov/Documents/trayectorias/new_shit/sais-2.4.1/CMakeFiles/CMakeTmp

Run Build Command:/usr/bin/make "cmTryCompileExec1814642633/fast"
/usr/bin/make -f CMakeFiles/cmTryCompileExec1814642633.dir/build.make CMakeFiles/cmTryCompileExec1814642633.dir/build
make[1]: Entering directory `/home/dgalaktionov/Documents/trayectorias/new_shit/sais-2.4.1/CMakeFiles/CMakeTmp'
/usr/bin/cmake -E cmake_progress_report /home/dgalaktionov/Documents/trayectorias/new_shit/sais-2.4.1/CMakeFiles/CMakeTmp/CMakeFiles 1
Building C object CMakeFiles/cmTryCompileExec1814642633.dir/CheckIncludeFile.c.o
/usr/bin/cc   -Wall    -o CMakeFiles/cmTryCompileExec1814642633.dir/CheckIncludeFile.c.o   -c /home/dgalaktionov/Documents/trayectorias/new_shit/sais-2.4.1/CMakeFiles/CMakeTmp/CheckIncludeFile.c
Linking C executable cmTryCompileExec1814642633
/usr/bin/cmake -E cmake_link_script CMakeFiles/cmTryCompileExec1814642633.dir/link.txt --verbose=1
/usr/bin/cc   -Wall     CMakeFiles/cmTryCompileExec1814642633.dir/CheckIncludeFile.c.o  -o cmTryCompileExec1814642633 -rdynamic 
make[1]: Leaving directory `/home/dgalaktionov/Documents/trayectorias/new_shit/sais-2.4.1/CMakeFiles/CMakeTmp'


Determining if the include file stdlib.h exists passed with the following output:
Change Dir: /home/dgalaktionov/Documents/trayectorias/new_shit/sais-2.4.1/CMakeFiles/CMakeTmp

Run Build Command:/usr/bin/make "cmTryCompileExec2372071690/fast"
/usr/bin/make -f CMakeFiles/cmTryCompileExec2372071690.dir/build.make CMakeFiles/cmTryCompileExec2372071690.dir/build
make[1]: Entering directory `/home/dgalaktionov/Documents/trayectorias/new_shit/sais-2.4.1/CMakeFiles/CMakeTmp'
/usr/bin/cmake -E cmake_progress_report /home/dgalaktionov/Documents/trayectorias/new_shit/sais-2.4.1/CMakeFiles/CMakeTmp/CMakeFiles 1
Building C object CMakeFiles/cmTryCompileExec2372071690.dir/CheckIncludeFile.c.o
/usr/bin/cc   -Wall    -o CMakeFiles/cmTryCompileExec2372071690.dir/CheckIncludeFile.c.o   -c /home/dgalaktionov/Documents/trayectorias/new_shit/sais-2.4.1/CMakeFiles/CMakeTmp/CheckIncludeFile.c
Linking C executable cmTryCompileExec2372071690
/usr/bin/cmake -E cmake_link_script CMakeFiles/cmTryCompileExec2372071690.dir/link.txt --verbose=1
/usr/bin/cc   -Wall     CMakeFiles/cmTryCompileExec2372071690.dir/CheckIncludeFile.c.o  -o cmTryCompileExec2372071690 -rdynamic 
make[1]: Leaving directory `/home/dgalaktionov/Documents/trayectorias/new_shit/sais-2.4.1/CMakeFiles/CMakeTmp'


Determining if the include file string.h exists passed with the following output:
Change Dir: /home/dgalaktionov/Documents/trayectorias/new_shit/sais-2.4.1/CMakeFiles/CMakeTmp

Run Build Command:/usr/bin/make "cmTryCompileExec2534295277/fast"
/usr/bin/make -f CMakeFiles/cmTryCompileExec2534295277.dir/build.make CMakeFiles/cmTryCompileExec2534295277.dir/build
make[1]: Entering directory `/home/dgalaktionov/Documents/trayectorias/new_shit/sais-2.4.1/CMakeFiles/CMakeTmp'
/usr/bin/cmake -E cmake_progress_report /home/dgalaktionov/Documents/trayectorias/new_shit/sais-2.4.1/CMakeFiles/CMakeTmp/CMakeFiles 1
Building C object CMakeFiles/cmTryCompileExec2534295277.dir/CheckIncludeFile.c.o
/usr/bin/cc   -Wall    -o CMakeFiles/cmTryCompileExec2534295277.dir/CheckIncludeFile.c.o   -c /home/dgalaktionov/Documents/trayectorias/new_shit/sais-2.4.1/CMakeFiles/CMakeTmp/CheckIncludeFile.c
Linking C executable cmTryCompileExec2534295277
/usr/bin/cmake -E cmake_link_script CMakeFiles/cmTryCompileExec2534295277.dir/link.txt --verbose=1
/usr/bin/cc   -Wall     CMakeFiles/cmTryCompileExec2534295277.dir/CheckIncludeFile.c.o  -o cmTryCompileExec2534295277 -rdynamic 
make[1]: Leaving directory `/home/dgalaktionov/Documents/trayectorias/new_shit/sais-2.4.1/CMakeFiles/CMakeTmp'


Determining if the include file strings.h exists passed with the following output:
Change Dir: /home/dgalaktionov/Documents/trayectorias/new_shit/sais-2.4.1/CMakeFiles/CMakeTmp

Run Build Command:/usr/bin/make "cmTryCompileExec2961540262/fast"
/usr/bin/make -f CMakeFiles/cmTryCompileExec2961540262.dir/build.make CMakeFiles/cmTryCompileExec2961540262.dir/build
make[1]: Entering directory `/home/dgalaktionov/Documents/trayectorias/new_shit/sais-2.4.1/CMakeFiles/CMakeTmp'
/usr/bin/cmake -E cmake_progress_report /home/dgalaktionov/Documents/trayectorias/new_shit/sais-2.4.1/CMakeFiles/CMakeTmp/CMakeFiles 1
Building C object CMakeFiles/cmTryCompileExec2961540262.dir/CheckIncludeFile.c.o
/usr/bin/cc   -Wall    -o CMakeFiles/cmTryCompileExec2961540262.dir/CheckIncludeFile.c.o   -c /home/dgalaktionov/Documents/trayectorias/new_shit/sais-2.4.1/CMakeFiles/CMakeTmp/CheckIncludeFile.c
Linking C executable cmTryCompileExec2961540262
/usr/bin/cmake -E cmake_link_script CMakeFiles/cmTryCompileExec2961540262.dir/link.txt --verbose=1
/usr/bin/cc   -Wall     CMakeFiles/cmTryCompileExec2961540262.dir/CheckIncludeFile.c.o  -o cmTryCompileExec2961540262 -rdynamic 
make[1]: Leaving directory `/home/dgalaktionov/Documents/trayectorias/new_shit/sais-2.4.1/CMakeFiles/CMakeTmp'


Determining if the include file sys/types.h exists passed with the following output:
Change Dir: /home/dgalaktionov/Documents/trayectorias/new_shit/sais-2.4.1/CMakeFiles/CMakeTmp

Run Build Command:/usr/bin/make "cmTryCompileExec688323843/fast"
/usr/bin/make -f CMakeFiles/cmTryCompileExec688323843.dir/build.make CMakeFiles/cmTryCompileExec688323843.dir/build
make[1]: Entering directory `/home/dgalaktionov/Documents/trayectorias/new_shit/sais-2.4.1/CMakeFiles/CMakeTmp'
/usr/bin/cmake -E cmake_progress_report /home/dgalaktionov/Documents/trayectorias/new_shit/sais-2.4.1/CMakeFiles/CMakeTmp/CMakeFiles 1
Building C object CMakeFiles/cmTryCompileExec688323843.dir/CheckIncludeFile.c.o
/usr/bin/cc   -Wall    -o CMakeFiles/cmTryCompileExec688323843.dir/CheckIncludeFile.c.o   -c /home/dgalaktionov/Documents/trayectorias/new_shit/sais-2.4.1/CMakeFiles/CMakeTmp/CheckIncludeFile.c
Linking C executable cmTryCompileExec688323843
/usr/bin/cmake -E cmake_link_script CMakeFiles/cmTryCompileExec688323843.dir/link.txt --verbose=1
/usr/bin/cc   -Wall     CMakeFiles/cmTryCompileExec688323843.dir/CheckIncludeFile.c.o  -o cmTryCompileExec688323843 -rdynamic 
make[1]: Leaving directory `/home/dgalaktionov/Documents/trayectorias/new_shit/sais-2.4.1/CMakeFiles/CMakeTmp'


Determining size of off_t passed with the following output:
Change Dir: /home/dgalaktionov/Documents/trayectorias/new_shit/sais-2.4.1/CMakeFiles/CMakeTmp

Run Build Command:/usr/bin/make "cmTryCompileExec258154365/fast"
/usr/bin/make -f CMakeFiles/cmTryCompileExec258154365.dir/build.make CMakeFiles/cmTryCompileExec258154365.dir/build
make[1]: Entering directory `/home/dgalaktionov/Documents/trayectorias/new_shit/sais-2.4.1/CMakeFiles/CMakeTmp'
/usr/bin/cmake -E cmake_progress_report /home/dgalaktionov/Documents/trayectorias/new_shit/sais-2.4.1/CMakeFiles/CMakeTmp/CMakeFiles 1
Building C object CMakeFiles/cmTryCompileExec258154365.dir/SIZEOF_OFF_T.c.o
/usr/bin/cc  -D_FILE_OFFSET_BITS=64 -D_LARGEFILE_SOURCE -D_LARGE_FILES -D__STDC_CONSTANT_MACROS -D__STDC_FORMAT_MACROS -D__STDC_LIMIT_MACROS -Wall    -o CMakeFiles/cmTryCompileExec258154365.dir/SIZEOF_OFF_T.c.o   -c /home/dgalaktionov/Documents/trayectorias/new_shit/sais-2.4.1/CMakeFiles/CheckTypeSize/SIZEOF_OFF_T.c
Linking C executable cmTryCompileExec258154365
/usr/bin/cmake -E cmake_link_script CMakeFiles/cmTryCompileExec258154365.dir/link.txt --verbose=1
/usr/bin/cc   -Wall     CMakeFiles/cmTryCompileExec258154365.dir/SIZEOF_OFF_T.c.o  -o cmTryCompileExec258154365 -rdynamic 
make[1]: Leaving directory `/home/dgalaktionov/Documents/trayectorias/new_shit/sais-2.4.1/CMakeFiles/CMakeTmp'


Determining if the fseeko exist passed with the following output:
Change Dir: /home/dgalaktionov/Documents/trayectorias/new_shit/sais-2.4.1/CMakeFiles/CMakeTmp

Run Build Command:/usr/bin/make "cmTryCompileExec3197494428/fast"
/usr/bin/make -f CMakeFiles/cmTryCompileExec3197494428.dir/build.make CMakeFiles/cmTryCompileExec3197494428.dir/build
make[1]: Entering directory `/home/dgalaktionov/Documents/trayectorias/new_shit/sais-2.4.1/CMakeFiles/CMakeTmp'
/usr/bin/cmake -E cmake_progress_report /home/dgalaktionov/Documents/trayectorias/new_shit/sais-2.4.1/CMakeFiles/CMakeTmp/CMakeFiles 1
Building C object CMakeFiles/cmTryCompileExec3197494428.dir/CheckSymbolExists.c.o
/usr/bin/cc  -D_FILE_OFFSET_BITS=64 -D_LARGEFILE_SOURCE -D_LARGE_FILES -D__STDC_CONSTANT_MACROS -D__STDC_FORMAT_MACROS -D__STDC_LIMIT_MACROS -Wall    -o CMakeFiles/cmTryCompileExec3197494428.dir/CheckSymbolExists.c.o   -c /home/dgalaktionov/Documents/trayectorias/new_shit/sais-2.4.1/CMakeFiles/CMakeTmp/CheckSymbolExists.c
Linking C executable cmTryCompileExec3197494428
/usr/bin/cmake -E cmake_link_script CMakeFiles/cmTryCompileExec3197494428.dir/link.txt --verbose=1
/usr/bin/cc   -Wall     CMakeFiles/cmTryCompileExec3197494428.dir/CheckSymbolExists.c.o  -o cmTryCompileExec3197494428 -rdynamic 
make[1]: Leaving directory `/home/dgalaktionov/Documents/trayectorias/new_shit/sais-2.4.1/CMakeFiles/CMakeTmp'

File /home/dgalaktionov/Documents/trayectorias/new_shit/sais-2.4.1/CMakeFiles/CMakeTmp/CheckSymbolExists.c:
/* */
#include <stdio.h>

int main(int argc, char** argv)
{
  (void)argv;
#ifndef fseeko
  return ((int*)(&fseeko))[argc];
#else
  (void)argc;
  return 0;
#endif
}

Determining if the ftello exist passed with the following output:
Change Dir: /home/dgalaktionov/Documents/trayectorias/new_shit/sais-2.4.1/CMakeFiles/CMakeTmp

Run Build Command:/usr/bin/make "cmTryCompileExec512110283/fast"
/usr/bin/make -f CMakeFiles/cmTryCompileExec512110283.dir/build.make CMakeFiles/cmTryCompileExec512110283.dir/build
make[1]: Entering directory `/home/dgalaktionov/Documents/trayectorias/new_shit/sais-2.4.1/CMakeFiles/CMakeTmp'
/usr/bin/cmake -E cmake_progress_report /home/dgalaktionov/Documents/trayectorias/new_shit/sais-2.4.1/CMakeFiles/CMakeTmp/CMakeFiles 1
Building C object CMakeFiles/cmTryCompileExec512110283.dir/CheckSymbolExists.c.o
/usr/bin/cc  -D_FILE_OFFSET_BITS=64 -D_LARGEFILE_SOURCE -D_LARGE_FILES -D__STDC_CONSTANT_MACROS -D__STDC_FORMAT_MACROS -D__STDC_LIMIT_MACROS -Wall    -o CMakeFiles/cmTryCompileExec512110283.dir/CheckSymbolExists.c.o   -c /home/dgalaktionov/Documents/trayectorias/new_shit/sais-2.4.1/CMakeFiles/CMakeTmp/CheckSymbolExists.c
Linking C executable cmTryCompileExec512110283
/usr/bin/cmake -E cmake_link_script CMakeFiles/cmTryCompileExec512110283.dir/link.txt --verbose=1
/usr/bin/cc   -Wall     CMakeFiles/cmTryCompileExec512110283.dir/CheckSymbolExists.c.o  -o cmTryCompileExec512110283 -rdynamic 
make[1]: Leaving directory `/home/dgalaktionov/Documents/trayectorias/new_shit/sais-2.4.1/CMakeFiles/CMakeTmp'

File /home/dgalaktionov/Documents/trayectorias/new_shit/sais-2.4.1/CMakeFiles/CMakeTmp/CheckSymbolExists.c:
/* */
#include <stdio.h>

int main(int argc, char** argv)
{
  (void)argv;
#ifndef ftello
  return ((int*)(&ftello))[argc];
#else
  (void)argc;
  return 0;
#endif
}

Determining if the PRIdMAX exist passed with the following output:
Change Dir: /home/dgalaktionov/Documents/trayectorias/new_shit/sais-2.4.1/CMakeFiles/CMakeTmp

Run Build Command:/usr/bin/make "cmTryCompileExec4160228543/fast"
/usr/bin/make -f CMakeFiles/cmTryCompileExec4160228543.dir/build.make CMakeFiles/cmTryCompileExec4160228543.dir/build
make[1]: Entering directory `/home/dgalaktionov/Documents/trayectorias/new_shit/sais-2.4.1/CMakeFiles/CMakeTmp'
/usr/bin/cmake -E cmake_progress_report /home/dgalaktionov/Documents/trayectorias/new_shit/sais-2.4.1/CMakeFiles/CMakeTmp/CMakeFiles 1
Building C object CMakeFiles/cmTryCompileExec4160228543.dir/CheckSymbolExists.c.o
/usr/bin/cc  -D_FILE_OFFSET_BITS=64 -D_LARGEFILE_SOURCE -D_LARGE_FILES -D__STDC_CONSTANT_MACROS -D__STDC_FORMAT_MACROS -D__STDC_LIMIT_MACROS -Wall    -o CMakeFiles/cmTryCompileExec4160228543.dir/CheckSymbolExists.c.o   -c /home/dgalaktionov/Documents/trayectorias/new_shit/sais-2.4.1/CMakeFiles/CMakeTmp/CheckSymbolExists.c
Linking C executable cmTryCompileExec4160228543
/usr/bin/cmake -E cmake_link_script CMakeFiles/cmTryCompileExec4160228543.dir/link.txt --verbose=1
/usr/bin/cc   -Wall     CMakeFiles/cmTryCompileExec4160228543.dir/CheckSymbolExists.c.o  -o cmTryCompileExec4160228543 -rdynamic 
make[1]: Leaving directory `/home/dgalaktionov/Documents/trayectorias/new_shit/sais-2.4.1/CMakeFiles/CMakeTmp'

File /home/dgalaktionov/Documents/trayectorias/new_shit/sais-2.4.1/CMakeFiles/CMakeTmp/CheckSymbolExists.c:
/* */
#include <inttypes.h>

int main(int argc, char** argv)
{
  (void)argv;
#ifndef PRIdMAX
  return ((int*)(&PRIdMAX))[argc];
#else
  (void)argc;
  return 0;
#endif
}

Performing C SOURCE FILE Test HAVE_INLINE succeded with the following output:
Change Dir: /home/dgalaktionov/Documents/trayectorias/new_shit/sais-2.4.1/CMakeFiles/CMakeTmp

Run Build Command:/usr/bin/make "cmTryCompileExec2665278816/fast"
/usr/bin/make -f CMakeFiles/cmTryCompileExec2665278816.dir/build.make CMakeFiles/cmTryCompileExec2665278816.dir/build
make[1]: Entering directory `/home/dgalaktionov/Documents/trayectorias/new_shit/sais-2.4.1/CMakeFiles/CMakeTmp'
/usr/bin/cmake -E cmake_progress_report /home/dgalaktionov/Documents/trayectorias/new_shit/sais-2.4.1/CMakeFiles/CMakeTmp/CMakeFiles 1
Building C object CMakeFiles/cmTryCompileExec2665278816.dir/src.c.o
/usr/bin/cc   -Wall -DHAVE_INLINE   -o CMakeFiles/cmTryCompileExec2665278816.dir/src.c.o   -c /home/dgalaktionov/Documents/trayectorias/new_shit/sais-2.4.1/CMakeFiles/CMakeTmp/src.c
Linking C executable cmTryCompileExec2665278816
/usr/bin/cmake -E cmake_link_script CMakeFiles/cmTryCompileExec2665278816.dir/link.txt --verbose=1
/usr/bin/cc   -Wall -DHAVE_INLINE    CMakeFiles/cmTryCompileExec2665278816.dir/src.c.o  -o cmTryCompileExec2665278816 -rdynamic 
make[1]: Leaving directory `/home/dgalaktionov/Documents/trayectorias/new_shit/sais-2.4.1/CMakeFiles/CMakeTmp'

Source file was:
inline void func(); void func() { } int main() { func(); return 0; }
Performing C SOURCE FILE Test HAVE___INLINE succeded with the following output:
Change Dir: /home/dgalaktionov/Documents/trayectorias/new_shit/sais-2.4.1/CMakeFiles/CMakeTmp

Run Build Command:/usr/bin/make "cmTryCompileExec2777031143/fast"
/usr/bin/make -f CMakeFiles/cmTryCompileExec2777031143.dir/build.make CMakeFiles/cmTryCompileExec2777031143.dir/build
make[1]: Entering directory `/home/dgalaktionov/Documents/trayectorias/new_shit/sais-2.4.1/CMakeFiles/CMakeTmp'
/usr/bin/cmake -E cmake_progress_report /home/dgalaktionov/Documents/trayectorias/new_shit/sais-2.4.1/CMakeFiles/CMakeTmp/CMakeFiles 1
Building C object CMakeFiles/cmTryCompileExec2777031143.dir/src.c.o
/usr/bin/cc   -Wall -DHAVE___INLINE   -o CMakeFiles/cmTryCompileExec2777031143.dir/src.c.o   -c /home/dgalaktionov/Documents/trayectorias/new_shit/sais-2.4.1/CMakeFiles/CMakeTmp/src.c
Linking C executable cmTryCompileExec2777031143
/usr/bin/cmake -E cmake_link_script CMakeFiles/cmTryCompileExec2777031143.dir/link.txt --verbose=1
/usr/bin/cc   -Wall -DHAVE___INLINE    CMakeFiles/cmTryCompileExec2777031143.dir/src.c.o  -o cmTryCompileExec2777031143 -rdynamic 
make[1]: Leaving directory `/home/dgalaktionov/Documents/trayectorias/new_shit/sais-2.4.1/CMakeFiles/CMakeTmp'

Source file was:
__inline void func(); void func() { } int main() { func(); return 0; }
Performing C SOURCE FILE Test HAVE___INLINE__ succeded with the following output:
Change Dir: /home/dgalaktionov/Documents/trayectorias/new_shit/sais-2.4.1/CMakeFiles/CMakeTmp

Run Build Command:/usr/bin/make "cmTryCompileExec2805843992/fast"
/usr/bin/make -f CMakeFiles/cmTryCompileExec2805843992.dir/build.make CMakeFiles/cmTryCompileExec2805843992.dir/build
make[1]: Entering directory `/home/dgalaktionov/Documents/trayectorias/new_shit/sais-2.4.1/CMakeFiles/CMakeTmp'
/usr/bin/cmake -E cmake_progress_report /home/dgalaktionov/Documents/trayectorias/new_shit/sais-2.4.1/CMakeFiles/CMakeTmp/CMakeFiles 1
Building C object CMakeFiles/cmTryCompileExec2805843992.dir/src.c.o
/usr/bin/cc   -Wall -DHAVE___INLINE__   -o CMakeFiles/cmTryCompileExec2805843992.dir/src.c.o   -c /home/dgalaktionov/Documents/trayectorias/new_shit/sais-2.4.1/CMakeFiles/CMakeTmp/src.c
Linking C executable cmTryCompileExec2805843992
/usr/bin/cmake -E cmake_link_script CMakeFiles/cmTryCompileExec2805843992.dir/link.txt --verbose=1
/usr/bin/cc   -Wall -DHAVE___INLINE__    CMakeFiles/cmTryCompileExec2805843992.dir/src.c.o  -o cmTryCompileExec2805843992 -rdynamic 
make[1]: Leaving directory `/home/dgalaktionov/Documents/trayectorias/new_shit/sais-2.4.1/CMakeFiles/CMakeTmp'

Source file was:
__inline__ void func(); void func() { } int main() { func(); return 0; }
Determining size of uint8_t passed with the following output:
Change Dir: /home/dgalaktionov/Documents/trayectorias/new_shit/sais-2.4.1/CMakeFiles/CMakeTmp

Run Build Command:/usr/bin/make "cmTryCompileExec4236836102/fast"
/usr/bin/make -f CMakeFiles/cmTryCompileExec4236836102.dir/build.make CMakeFiles/cmTryCompileExec4236836102.dir/build
make[1]: Entering directory `/home/dgalaktionov/Documents/trayectorias/new_shit/sais-2.4.1/CMakeFiles/CMakeTmp'
/usr/bin/cmake -E cmake_progress_report /home/dgalaktionov/Documents/trayectorias/new_shit/sais-2.4.1/CMakeFiles/CMakeTmp/CMakeFiles 1
Building C object CMakeFiles/cmTryCompileExec4236836102.dir/SIZEOF_UINT8_T.c.o
/usr/bin/cc   -Wall    -o CMakeFiles/cmTryCompileExec4236836102.dir/SIZEOF_UINT8_T.c.o   -c /home/dgalaktionov/Documents/trayectorias/new_shit/sais-2.4.1/CMakeFiles/CheckTypeSize/SIZEOF_UINT8_T.c
Linking C executable cmTryCompileExec4236836102
/usr/bin/cmake -E cmake_link_script CMakeFiles/cmTryCompileExec4236836102.dir/link.txt --verbose=1
/usr/bin/cc   -Wall     CMakeFiles/cmTryCompileExec4236836102.dir/SIZEOF_UINT8_T.c.o  -o cmTryCompileExec4236836102 -rdynamic 
make[1]: Leaving directory `/home/dgalaktionov/Documents/trayectorias/new_shit/sais-2.4.1/CMakeFiles/CMakeTmp'


Determining size of uint16_t passed with the following output:
Change Dir: /home/dgalaktionov/Documents/trayectorias/new_shit/sais-2.4.1/CMakeFiles/CMakeTmp

Run Build Command:/usr/bin/make "cmTryCompileExec2843585137/fast"
/usr/bin/make -f CMakeFiles/cmTryCompileExec2843585137.dir/build.make CMakeFiles/cmTryCompileExec2843585137.dir/build
make[1]: Entering directory `/home/dgalaktionov/Documents/trayectorias/new_shit/sais-2.4.1/CMakeFiles/CMakeTmp'
/usr/bin/cmake -E cmake_progress_report /home/dgalaktionov/Documents/trayectorias/new_shit/sais-2.4.1/CMakeFiles/CMakeTmp/CMakeFiles 1
Building C object CMakeFiles/cmTryCompileExec2843585137.dir/SIZEOF_UINT16_T.c.o
/usr/bin/cc   -Wall    -o CMakeFiles/cmTryCompileExec2843585137.dir/SIZEOF_UINT16_T.c.o   -c /home/dgalaktionov/Documents/trayectorias/new_shit/sais-2.4.1/CMakeFiles/CheckTypeSize/SIZEOF_UINT16_T.c
Linking C executable cmTryCompileExec2843585137
/usr/bin/cmake -E cmake_link_script CMakeFiles/cmTryCompileExec2843585137.dir/link.txt --verbose=1
/usr/bin/cc   -Wall     CMakeFiles/cmTryCompileExec2843585137.dir/SIZEOF_UINT16_T.c.o  -o cmTryCompileExec2843585137 -rdynamic 
make[1]: Leaving directory `/home/dgalaktionov/Documents/trayectorias/new_shit/sais-2.4.1/CMakeFiles/CMakeTmp'


Determining size of int32_t passed with the following output:
Change Dir: /home/dgalaktionov/Documents/trayectorias/new_shit/sais-2.4.1/CMakeFiles/CMakeTmp

Run Build Command:/usr/bin/make "cmTryCompileExec663444864/fast"
/usr/bin/make -f CMakeFiles/cmTryCompileExec663444864.dir/build.make CMakeFiles/cmTryCompileExec663444864.dir/build
make[1]: Entering directory `/home/dgalaktionov/Documents/trayectorias/new_shit/sais-2.4.1/CMakeFiles/CMakeTmp'
/usr/bin/cmake -E cmake_progress_report /home/dgalaktionov/Documents/trayectorias/new_shit/sais-2.4.1/CMakeFiles/CMakeTmp/CMakeFiles 1
Building C object CMakeFiles/cmTryCompileExec663444864.dir/SIZEOF_INT32_T.c.o
/usr/bin/cc   -Wall    -o CMakeFiles/cmTryCompileExec663444864.dir/SIZEOF_INT32_T.c.o   -c /home/dgalaktionov/Documents/trayectorias/new_shit/sais-2.4.1/CMakeFiles/CheckTypeSize/SIZEOF_INT32_T.c
Linking C executable cmTryCompileExec663444864
/usr/bin/cmake -E cmake_link_script CMakeFiles/cmTryCompileExec663444864.dir/link.txt --verbose=1
/usr/bin/cc   -Wall     CMakeFiles/cmTryCompileExec663444864.dir/SIZEOF_INT32_T.c.o  -o cmTryCompileExec663444864 -rdynamic 
make[1]: Leaving directory `/home/dgalaktionov/Documents/trayectorias/new_shit/sais-2.4.1/CMakeFiles/CMakeTmp'


Determining if the PRId32 exist passed with the following output:
Change Dir: /home/dgalaktionov/Documents/trayectorias/new_shit/sais-2.4.1/CMakeFiles/CMakeTmp

Run Build Command:/usr/bin/make "cmTryCompileExec3056229574/fast"
/usr/bin/make -f CMakeFiles/cmTryCompileExec3056229574.dir/build.make CMakeFiles/cmTryCompileExec3056229574.dir/build
make[1]: Entering directory `/home/dgalaktionov/Documents/trayectorias/new_shit/sais-2.4.1/CMakeFiles/CMakeTmp'
/usr/bin/cmake -E cmake_progress_report /home/dgalaktionov/Documents/trayectorias/new_shit/sais-2.4.1/CMakeFiles/CMakeTmp/CMakeFiles 1
Building C object CMakeFiles/cmTryCompileExec3056229574.dir/CheckSymbolExists.c.o
/usr/bin/cc   -Wall    -o CMakeFiles/cmTryCompileExec3056229574.dir/CheckSymbolExists.c.o   -c /home/dgalaktionov/Documents/trayectorias/new_shit/sais-2.4.1/CMakeFiles/CMakeTmp/CheckSymbolExists.c
Linking C executable cmTryCompileExec3056229574
/usr/bin/cmake -E cmake_link_script CMakeFiles/cmTryCompileExec3056229574.dir/link.txt --verbose=1
/usr/bin/cc   -Wall     CMakeFiles/cmTryCompileExec3056229574.dir/CheckSymbolExists.c.o  -o cmTryCompileExec3056229574 -rdynamic 
make[1]: Leaving directory `/home/dgalaktionov/Documents/trayectorias/new_shit/sais-2.4.1/CMakeFiles/CMakeTmp'

File /home/dgalaktionov/Documents/trayectorias/new_shit/sais-2.4.1/CMakeFiles/CMakeTmp/CheckSymbolExists.c:
/* */
#include <inttypes.h>

int main(int argc, char** argv)
{
  (void)argv;
#ifndef PRId32
  return ((int*)(&PRId32))[argc];
#else
  (void)argc;
  return 0;
#endif
}

Determining if the INT32_C exist passed with the following output:
Change Dir: /home/dgalaktionov/Documents/trayectorias/new_shit/sais-2.4.1/CMakeFiles/CMakeTmp

Run Build Command:/usr/bin/make "cmTryCompileExec3544570708/fast"
/usr/bin/make -f CMakeFiles/cmTryCompileExec3544570708.dir/build.make CMakeFiles/cmTryCompileExec3544570708.dir/build
make[1]: Entering directory `/home/dgalaktionov/Documents/trayectorias/new_shit/sais-2.4.1/CMakeFiles/CMakeTmp'
/usr/bin/cmake -E cmake_progress_report /home/dgalaktionov/Documents/trayectorias/new_shit/sais-2.4.1/CMakeFiles/CMakeTmp/CMakeFiles 1
Building C object CMakeFiles/cmTryCompileExec3544570708.dir/CheckSymbolExists.c.o
/usr/bin/cc   -Wall    -o CMakeFiles/cmTryCompileExec3544570708.dir/CheckSymbolExists.c.o   -c /home/dgalaktionov/Documents/trayectorias/new_shit/sais-2.4.1/CMakeFiles/CMakeTmp/CheckSymbolExists.c
Linking C executable cmTryCompileExec3544570708
/usr/bin/cmake -E cmake_link_script CMakeFiles/cmTryCompileExec3544570708.dir/link.txt --verbose=1
/usr/bin/cc   -Wall     CMakeFiles/cmTryCompileExec3544570708.dir/CheckSymbolExists.c.o  -o cmTryCompileExec3544570708 -rdynamic 
make[1]: Leaving directory `/home/dgalaktionov/Documents/trayectorias/new_shit/sais-2.4.1/CMakeFiles/CMakeTmp'

File /home/dgalaktionov/Documents/trayectorias/new_shit/sais-2.4.1/CMakeFiles/CMakeTmp/CheckSymbolExists.c:
/* */
#include <stdint.h>

int main(int argc, char** argv)
{
  (void)argv;
#ifndef INT32_C
  return ((int*)(&INT32_C))[argc];
#else
  (void)argc;
  return 0;
#endif
}

Determining if the UINT32_C exist passed with the following output:
Change Dir: /home/dgalaktionov/Documents/trayectorias/new_shit/sais-2.4.1/CMakeFiles/CMakeTmp

Run Build Command:/usr/bin/make "cmTryCompileExec3046094943/fast"
/usr/bin/make -f CMakeFiles/cmTryCompileExec3046094943.dir/build.make CMakeFiles/cmTryCompileExec3046094943.dir/build
make[1]: Entering directory `/home/dgalaktionov/Documents/trayectorias/new_shit/sais-2.4.1/CMakeFiles/CMakeTmp'
/usr/bin/cmake -E cmake_progress_report /home/dgalaktionov/Documents/trayectorias/new_shit/sais-2.4.1/CMakeFiles/CMakeTmp/CMakeFiles 1
Building C object CMakeFiles/cmTryCompileExec3046094943.dir/CheckSymbolExists.c.o
/usr/bin/cc   -Wall    -o CMakeFiles/cmTryCompileExec3046094943.dir/CheckSymbolExists.c.o   -c /home/dgalaktionov/Documents/trayectorias/new_shit/sais-2.4.1/CMakeFiles/CMakeTmp/CheckSymbolExists.c
Linking C executable cmTryCompileExec3046094943
/usr/bin/cmake -E cmake_link_script CMakeFiles/cmTryCompileExec3046094943.dir/link.txt --verbose=1
/usr/bin/cc   -Wall     CMakeFiles/cmTryCompileExec3046094943.dir/CheckSymbolExists.c.o  -o cmTryCompileExec3046094943 -rdynamic 
make[1]: Leaving directory `/home/dgalaktionov/Documents/trayectorias/new_shit/sais-2.4.1/CMakeFiles/CMakeTmp'

File /home/dgalaktionov/Documents/trayectorias/new_shit/sais-2.4.1/CMakeFiles/CMakeTmp/CheckSymbolExists.c:
/* */
#include <stdint.h>

int main(int argc, char** argv)
{
  (void)argv;
#ifndef UINT32_C
  return ((int*)(&UINT32_C))[argc];
#else
  (void)argc;
  return 0;
#endif
}

